{
  message: 'Test log',
  level: 'info',
  service: 'hmis-backend',
  environment: 'development',
  timestamp: '2025-09-16 00:09:17'
}
{
  message: '✅ Using PostgreSQL database',
  level: 'info',
  service: 'hmis-backend',
  environment: 'development',
  timestamp: '2025-09-16 00:10:39'
}
{
  message: 'Attempting to load PostgreSQL database...',
  level: 'info',
  service: 'hmis-backend',
  environment: 'development',
  timestamp: '2025-09-16 00:10:59'
}
{
  message: 'Attempting to load PostgreSQL database...',
  level: 'info',
  service: 'hmis-backend',
  environment: 'development',
  timestamp: '2025-09-16 00:33:17'
}
{
  message: 'Attempting to load PostgreSQL database...',
  level: 'info',
  service: 'hmis-backend',
  environment: 'development',
  timestamp: '2025-09-16 01:29:03'
}
{
  message: 'Attempting to load PostgreSQL database...',
  level: 'info',
  service: 'hmis-backend',
  environment: 'development',
  timestamp: '2025-09-16 01:29:19'
}
{
  service: 'hmis-backend',
  environment: 'development',
  error: "Cannot read properties of undefined (reading 'host')",
  level: 'warn',
  message: '⚠️ PostgreSQL not available, using demo database',
  timestamp: '2025-09-16 01:29:19'
}
{
  message: '✅ Using demo database',
  level: 'info',
  service: 'hmis-backend',
  environment: 'development',
  timestamp: '2025-09-16 01:29:19'
}
{
  message: 'Attempting to load PostgreSQL database...',
  level: 'info',
  service: 'hmis-backend',
  environment: 'development',
  timestamp: '2025-09-16 01:31:00'
}
{
  message: 'Attempting to load PostgreSQL database...',
  level: 'info',
  service: 'hmis-backend',
  environment: 'development',
  timestamp: '2025-09-16 01:38:30'
}
{
  message: 'Attempting to load PostgreSQL database...',
  level: 'info',
  service: 'hmis-backend',
  environment: 'development',
  timestamp: '2025-09-16 01:41:13'
}
{
  message: 'Attempting to load PostgreSQL database...',
  level: 'info',
  service: 'hmis-backend',
  environment: 'development',
  timestamp: '2025-09-16 02:20:01'
}
{
  message: 'Attempting to load PostgreSQL database...',
  level: 'info',
  service: 'hmis-backend',
  environment: 'test',
  timestamp: '2025-09-16 15:02:33'
}
{
  message: 'Attempting to load PostgreSQL database...',
  level: 'info',
  service: 'hmis-backend',
  environment: 'test',
  timestamp: '2025-09-16 15:02:35'
}
{
  message: 'Attempting to load PostgreSQL database...',
  level: 'info',
  service: 'hmis-backend',
  environment: 'test',
  timestamp: '2025-09-16 15:02:36'
}
{
  message: 'Attempting to load PostgreSQL database...',
  level: 'info',
  service: 'hmis-backend',
  environment: 'test',
  timestamp: '2025-09-16 15:03:29'
}
{
  message: 'Attempting to load PostgreSQL database...',
  level: 'info',
  service: 'hmis-backend',
  environment: 'test',
  timestamp: '2025-09-16 15:03:31'
}
{
  message: 'Attempting to load PostgreSQL database...',
  level: 'info',
  service: 'hmis-backend',
  environment: 'test',
  timestamp: '2025-09-16 15:03:32'
}
{
  service: 'hmis-backend',
  environment: 'test',
  error: "Cannot read properties of undefined (reading 'host')",
  level: 'warn',
  message: '⚠️ PostgreSQL not available, using demo database',
  timestamp: '2025-09-16 15:03:29'
}
{
  message: '✅ Using demo database',
  level: 'info',
  service: 'hmis-backend',
  environment: 'test',
  timestamp: '2025-09-16 15:03:29'
}
{
  service: 'hmis-backend',
  environment: 'test',
  error: "Cannot read properties of undefined (reading 'host')",
  level: 'warn',
  message: '⚠️ PostgreSQL not available, using demo database',
  timestamp: '2025-09-16 15:03:31'
}
{
  message: '✅ Using demo database',
  level: 'info',
  service: 'hmis-backend',
  environment: 'test',
  timestamp: '2025-09-16 15:03:31'
}
{
  service: 'hmis-backend',
  environment: 'test',
  error: "Cannot read properties of undefined (reading 'host')",
  level: 'warn',
  message: '⚠️ PostgreSQL not available, using demo database',
  timestamp: '2025-09-16 15:03:32'
}
{
  message: '✅ Using demo database',
  level: 'info',
  service: 'hmis-backend',
  environment: 'test',
  timestamp: '2025-09-16 15:03:32'
}
{
  message: 'Attempting to load PostgreSQL database...',
  level: 'info',
  service: 'hmis-backend',
  environment: 'test',
  timestamp: '2025-09-16 15:04:03'
}
{
  message: 'Attempting to load PostgreSQL database...',
  level: 'info',
  service: 'hmis-backend',
  environment: 'test',
  timestamp: '2025-09-16 15:04:05'
}
{
  message: 'Attempting to load PostgreSQL database...',
  level: 'info',
  service: 'hmis-backend',
  environment: 'test',
  timestamp: '2025-09-16 15:04:06'
}
{
  service: 'hmis-backend',
  environment: 'test',
  error: "Cannot read properties of undefined (reading 'host')",
  level: 'warn',
  message: '⚠️ PostgreSQL not available, using demo database',
  timestamp: '2025-09-16 15:04:03'
}
{
  message: '✅ Using demo database',
  level: 'info',
  service: 'hmis-backend',
  environment: 'test',
  timestamp: '2025-09-16 15:04:03'
}
{
  service: 'hmis-backend',
  environment: 'test',
  error: "Cannot read properties of undefined (reading 'host')",
  level: 'warn',
  message: '⚠️ PostgreSQL not available, using demo database',
  timestamp: '2025-09-16 15:04:05'
}
{
  message: '✅ Using demo database',
  level: 'info',
  service: 'hmis-backend',
  environment: 'test',
  timestamp: '2025-09-16 15:04:05'
}
{
  service: 'hmis-backend',
  environment: 'test',
  error: "Cannot read properties of undefined (reading 'host')",
  level: 'warn',
  message: '⚠️ PostgreSQL not available, using demo database',
  timestamp: '2025-09-16 15:04:06'
}
{
  message: '✅ Using demo database',
  level: 'info',
  service: 'hmis-backend',
  environment: 'test',
  timestamp: '2025-09-16 15:04:06'
}
{
  message: 'Attempting to load PostgreSQL database...',
  level: 'info',
  service: 'hmis-backend',
  environment: 'test',
  timestamp: '2025-09-16 15:04:37'
}
{
  service: 'hmis-backend',
  environment: 'test',
  error: "Cannot read properties of undefined (reading 'host')",
  level: 'warn',
  message: '⚠️ PostgreSQL not available, using demo database',
  timestamp: '2025-09-16 15:04:37'
}
{
  message: '✅ Using demo database',
  level: 'info',
  service: 'hmis-backend',
  environment: 'test',
  timestamp: '2025-09-16 15:04:37'
}
{
  message: '🚀 HMIS Backend Server running on port 5000',
  level: 'info',
  service: 'hmis-backend',
  environment: 'test',
  timestamp: '2025-09-16 15:04:38'
}
{
  message: '📊 Health check: http://localhost:5000/health',
  level: 'info',
  service: 'hmis-backend',
  environment: 'test',
  timestamp: '2025-09-16 15:04:38'
}
{
  message: '🔐 Auth API: http://localhost:5000/api/auth',
  level: 'info',
  service: 'hmis-backend',
  environment: 'test',
  timestamp: '2025-09-16 15:04:38'
}
{
  message: '🌍 Environment: test',
  level: 'info',
  service: 'hmis-backend',
  environment: 'test',
  timestamp: '2025-09-16 15:04:38'
}
{
  message: '🔌 WebSocket server initialized',
  level: 'info',
  service: 'hmis-backend',
  environment: 'test',
  timestamp: '2025-09-16 15:04:38'
}
{
  service: 'hmis-backend',
  environment: 'test',
  port: 5000,
  database: 'localhost',
  corsOrigins: [ 'http://localhost:3000' ],
  rateLimitMax: 100,
  features: {
    apiDocs: false,
    metricsEndpoint: false,
    auditLogs: true,
    realTimeNotifications: true
  },
  level: 'info',
  message: 'Server configuration',
  timestamp: '2025-09-16 15:04:38'
}
{
  level: 'http',
  message: '::ffff:127.0.0.1 - - [16/Sep/2025:09:34:39 +0000] "GET /api/patients HTTP/1.1" 401 56 "-" "-"',
  service: 'hmis-backend',
  environment: 'test',
  timestamp: '2025-09-16 15:04:39'
}
{
  service: 'hmis-backend',
  environment: 'test',
  method: 'GET',
  url: '/api/patients',
  status: 401,
  responseTime: '59ms',
  userAgent: undefined,
  ip: '::ffff:127.0.0.1',
  userId: undefined,
  userRole: undefined,
  level: 'http',
  message: 'HTTP Request',
  timestamp: '2025-09-16 15:04:39'
}
{
  level: 'http',
  message: '::ffff:127.0.0.1 - - [16/Sep/2025:09:34:39 +0000] "GET /api/patients HTTP/1.1" 401 51 "-" "-"',
  service: 'hmis-backend',
  environment: 'test',
  timestamp: '2025-09-16 15:04:39'
}
{
  service: 'hmis-backend',
  environment: 'test',
  method: 'GET',
  url: '/api/patients',
  status: 401,
  responseTime: '13ms',
  userAgent: undefined,
  ip: '::ffff:127.0.0.1',
  userId: undefined,
  userRole: undefined,
  level: 'http',
  message: 'HTTP Request',
  timestamp: '2025-09-16 15:04:39'
}
{
  level: 'http',
  message: '::ffff:127.0.0.1 - - [16/Sep/2025:09:34:39 +0000] "GET /api/patients HTTP/1.1" 401 56 "-" "-"',
  service: 'hmis-backend',
  environment: 'test',
  timestamp: '2025-09-16 15:04:39'
}
{
  service: 'hmis-backend',
  environment: 'test',
  method: 'GET',
  url: '/api/patients',
  status: 401,
  responseTime: '31ms',
  userAgent: undefined,
  ip: '::ffff:127.0.0.1',
  userId: undefined,
  userRole: undefined,
  level: 'http',
  message: 'HTTP Request',
  timestamp: '2025-09-16 15:04:39'
}
{
  level: 'http',
  message: '::ffff:127.0.0.1 - - [16/Sep/2025:09:34:39 +0000] "GET /api/patients?page=1&limit=10 HTTP/1.1" 401 56 "-" "-"',
  service: 'hmis-backend',
  environment: 'test',
  timestamp: '2025-09-16 15:04:39'
}
{
  service: 'hmis-backend',
  environment: 'test',
  method: 'GET',
  url: '/api/patients?page=1&limit=10',
  status: 401,
  responseTime: '30ms',
  userAgent: undefined,
  ip: '::ffff:127.0.0.1',
  userId: undefined,
  userRole: undefined,
  level: 'http',
  message: 'HTTP Request',
  timestamp: '2025-09-16 15:04:39'
}
{
  level: 'http',
  message: '::ffff:127.0.0.1 - - [16/Sep/2025:09:34:39 +0000] "GET /api/patients?search=test HTTP/1.1" 401 56 "-" "-"',
  service: 'hmis-backend',
  environment: 'test',
  timestamp: '2025-09-16 15:04:39'
}
{
  service: 'hmis-backend',
  environment: 'test',
  method: 'GET',
  url: '/api/patients?search=test',
  status: 401,
  responseTime: '30ms',
  userAgent: undefined,
  ip: '::ffff:127.0.0.1',
  userId: undefined,
  userRole: undefined,
  level: 'http',
  message: 'HTTP Request',
  timestamp: '2025-09-16 15:04:39'
}
{
  level: 'http',
  message: '::ffff:127.0.0.1 - - [16/Sep/2025:09:34:39 +0000] "POST /api/patients HTTP/1.1" 401 56 "-" "-"',
  service: 'hmis-backend',
  environment: 'test',
  timestamp: '2025-09-16 15:04:39'
}
{
  service: 'hmis-backend',
  environment: 'test',
  method: 'POST',
  url: '/api/patients',
  status: 401,
  responseTime: '58ms',
  userAgent: undefined,
  ip: '::ffff:127.0.0.1',
  userId: undefined,
  userRole: undefined,
  level: 'http',
  message: 'HTTP Request',
  timestamp: '2025-09-16 15:04:39'
}
{
  level: 'http',
  message: '::ffff:127.0.0.1 - - [16/Sep/2025:09:34:39 +0000] "POST /api/patients HTTP/1.1" 401 56 "-" "-"',
  service: 'hmis-backend',
  environment: 'test',
  timestamp: '2025-09-16 15:04:39'
}
{
  service: 'hmis-backend',
  environment: 'test',
  method: 'POST',
  url: '/api/patients',
  status: 401,
  responseTime: '36ms',
  userAgent: undefined,
  ip: '::ffff:127.0.0.1',
  userId: undefined,
  userRole: undefined,
  level: 'http',
  message: 'HTTP Request',
  timestamp: '2025-09-16 15:04:39'
}
{
  level: 'http',
  message: '::ffff:127.0.0.1 - - [16/Sep/2025:09:34:39 +0000] "POST /api/patients HTTP/1.1" 401 56 "-" "-"',
  service: 'hmis-backend',
  environment: 'test',
  timestamp: '2025-09-16 15:04:39'
}
{
  service: 'hmis-backend',
  environment: 'test',
  method: 'POST',
  url: '/api/patients',
  status: 401,
  responseTime: '29ms',
  userAgent: undefined,
  ip: '::ffff:127.0.0.1',
  userId: undefined,
  userRole: undefined,
  level: 'http',
  message: 'HTTP Request',
  timestamp: '2025-09-16 15:04:39'
}
{
  level: 'http',
  message: '::ffff:127.0.0.1 - - [16/Sep/2025:09:34:39 +0000] "POST /api/patients HTTP/1.1" 401 56 "-" "-"',
  service: 'hmis-backend',
  environment: 'test',
  timestamp: '2025-09-16 15:04:39'
}
{
  service: 'hmis-backend',
  environment: 'test',
  method: 'POST',
  url: '/api/patients',
  status: 401,
  responseTime: '38ms',
  userAgent: undefined,
  ip: '::ffff:127.0.0.1',
  userId: undefined,
  userRole: undefined,
  level: 'http',
  message: 'HTTP Request',
  timestamp: '2025-09-16 15:04:39'
}
{
  level: 'http',
  message: '::ffff:127.0.0.1 - - [16/Sep/2025:09:34:39 +0000] "POST /api/patients HTTP/1.1" 401 56 "-" "-"',
  service: 'hmis-backend',
  environment: 'test',
  timestamp: '2025-09-16 15:04:39'
}
{
  service: 'hmis-backend',
  environment: 'test',
  method: 'POST',
  url: '/api/patients',
  status: 401,
  responseTime: '30ms',
  userAgent: undefined,
  ip: '::ffff:127.0.0.1',
  userId: undefined,
  userRole: undefined,
  level: 'http',
  message: 'HTTP Request',
  timestamp: '2025-09-16 15:04:39'
}
{
  level: 'http',
  message: '::ffff:127.0.0.1 - - [16/Sep/2025:09:34:39 +0000] "POST /api/patients HTTP/1.1" 401 56 "-" "-"',
  service: 'hmis-backend',
  environment: 'test',
  timestamp: '2025-09-16 15:04:39'
}
{
  service: 'hmis-backend',
  environment: 'test',
  method: 'POST',
  url: '/api/patients',
  status: 401,
  responseTime: '33ms',
  userAgent: undefined,
  ip: '::ffff:127.0.0.1',
  userId: undefined,
  userRole: undefined,
  level: 'http',
  message: 'HTTP Request',
  timestamp: '2025-09-16 15:04:39'
}
{
  level: 'http',
  message: '::ffff:127.0.0.1 - - [16/Sep/2025:09:34:39 +0000] "GET /api/patients/test-patient-id HTTP/1.1" 401 56 "-" "-"',
  service: 'hmis-backend',
  environment: 'test',
  timestamp: '2025-09-16 15:04:39'
}
{
  service: 'hmis-backend',
  environment: 'test',
  method: 'GET',
  url: '/api/patients/test-patient-id',
  status: 401,
  responseTime: '34ms',
  userAgent: undefined,
  ip: '::ffff:127.0.0.1',
  userId: undefined,
  userRole: undefined,
  level: 'http',
  message: 'HTTP Request',
  timestamp: '2025-09-16 15:04:39'
}
{
  level: 'http',
  message: '::ffff:127.0.0.1 - - [16/Sep/2025:09:34:39 +0000] "GET /api/patients/123e4567-e89b-12d3-a456-426614174000 HTTP/1.1" 401 56 "-" "-"',
  service: 'hmis-backend',
  environment: 'test',
  timestamp: '2025-09-16 15:04:39'
}
{
  service: 'hmis-backend',
  environment: 'test',
  method: 'GET',
  url: '/api/patients/123e4567-e89b-12d3-a456-426614174000',
  status: 401,
  responseTime: '32ms',
  userAgent: undefined,
  ip: '::ffff:127.0.0.1',
  userId: undefined,
  userRole: undefined,
  level: 'http',
  message: 'HTTP Request',
  timestamp: '2025-09-16 15:04:39'
}
{
  level: 'http',
  message: '::ffff:127.0.0.1 - - [16/Sep/2025:09:34:40 +0000] "GET /api/patients/invalid-id HTTP/1.1" 401 56 "-" "-"',
  service: 'hmis-backend',
  environment: 'test',
  timestamp: '2025-09-16 15:04:40'
}
{
  service: 'hmis-backend',
  environment: 'test',
  method: 'GET',
  url: '/api/patients/invalid-id',
  status: 401,
  responseTime: '32ms',
  userAgent: undefined,
  ip: '::ffff:127.0.0.1',
  userId: undefined,
  userRole: undefined,
  level: 'http',
  message: 'HTTP Request',
  timestamp: '2025-09-16 15:04:40'
}
{
  level: 'http',
  message: '::ffff:127.0.0.1 - - [16/Sep/2025:09:34:40 +0000] "PUT /api/patients/test-patient-id HTTP/1.1" 401 56 "-" "-"',
  service: 'hmis-backend',
  environment: 'test',
  timestamp: '2025-09-16 15:04:40'
}
{
  service: 'hmis-backend',
  environment: 'test',
  method: 'PUT',
  url: '/api/patients/test-patient-id',
  status: 401,
  responseTime: '33ms',
  userAgent: undefined,
  ip: '::ffff:127.0.0.1',
  userId: undefined,
  userRole: undefined,
  level: 'http',
  message: 'HTTP Request',
  timestamp: '2025-09-16 15:04:40'
}
{
  level: 'http',
  message: '::ffff:127.0.0.1 - - [16/Sep/2025:09:34:40 +0000] "PUT /api/patients/test-patient-id HTTP/1.1" 401 56 "-" "-"',
  service: 'hmis-backend',
  environment: 'test',
  timestamp: '2025-09-16 15:04:40'
}
{
  service: 'hmis-backend',
  environment: 'test',
  method: 'PUT',
  url: '/api/patients/test-patient-id',
  status: 401,
  responseTime: '34ms',
  userAgent: undefined,
  ip: '::ffff:127.0.0.1',
  userId: undefined,
  userRole: undefined,
  level: 'http',
  message: 'HTTP Request',
  timestamp: '2025-09-16 15:04:40'
}
{
  level: 'http',
  message: '::ffff:127.0.0.1 - - [16/Sep/2025:09:34:40 +0000] "PUT /api/patients/123e4567-e89b-12d3-a456-426614174000 HTTP/1.1" 401 56 "-" "-"',
  service: 'hmis-backend',
  environment: 'test',
  timestamp: '2025-09-16 15:04:40'
}
{
  service: 'hmis-backend',
  environment: 'test',
  method: 'PUT',
  url: '/api/patients/123e4567-e89b-12d3-a456-426614174000',
  status: 401,
  responseTime: '29ms',
  userAgent: undefined,
  ip: '::ffff:127.0.0.1',
  userId: undefined,
  userRole: undefined,
  level: 'http',
  message: 'HTTP Request',
  timestamp: '2025-09-16 15:04:40'
}
{
  level: 'http',
  message: '::ffff:127.0.0.1 - - [16/Sep/2025:09:34:40 +0000] "DELETE /api/patients/test-patient-id HTTP/1.1" 401 56 "-" "-"',
  service: 'hmis-backend',
  environment: 'test',
  timestamp: '2025-09-16 15:04:40'
}
{
  service: 'hmis-backend',
  environment: 'test',
  method: 'DELETE',
  url: '/api/patients/test-patient-id',
  status: 401,
  responseTime: '30ms',
  userAgent: undefined,
  ip: '::ffff:127.0.0.1',
  userId: undefined,
  userRole: undefined,
  level: 'http',
  message: 'HTTP Request',
  timestamp: '2025-09-16 15:04:40'
}
{
  level: 'http',
  message: '::ffff:127.0.0.1 - - [16/Sep/2025:09:34:40 +0000] "DELETE /api/patients/123e4567-e89b-12d3-a456-426614174000 HTTP/1.1" 401 56 "-" "-"',
  service: 'hmis-backend',
  environment: 'test',
  timestamp: '2025-09-16 15:04:40'
}
{
  service: 'hmis-backend',
  environment: 'test',
  method: 'DELETE',
  url: '/api/patients/123e4567-e89b-12d3-a456-426614174000',
  status: 401,
  responseTime: '35ms',
  userAgent: undefined,
  ip: '::ffff:127.0.0.1',
  userId: undefined,
  userRole: undefined,
  level: 'http',
  message: 'HTTP Request',
  timestamp: '2025-09-16 15:04:40'
}
{
  level: 'http',
  message: '::ffff:127.0.0.1 - - [16/Sep/2025:09:34:40 +0000] "GET /api/patients/stats HTTP/1.1" 401 56 "-" "-"',
  service: 'hmis-backend',
  environment: 'test',
  timestamp: '2025-09-16 15:04:40'
}
{
  service: 'hmis-backend',
  environment: 'test',
  method: 'GET',
  url: '/api/patients/stats',
  status: 401,
  responseTime: '34ms',
  userAgent: undefined,
  ip: '::ffff:127.0.0.1',
  userId: undefined,
  userRole: undefined,
  level: 'http',
  message: 'HTTP Request',
  timestamp: '2025-09-16 15:04:40'
}
{
  level: 'http',
  message: '::ffff:127.0.0.1 - - [16/Sep/2025:09:34:40 +0000] "GET /api/patients/stats HTTP/1.1" 401 56 "-" "-"',
  service: 'hmis-backend',
  environment: 'test',
  timestamp: '2025-09-16 15:04:40'
}
{
  service: 'hmis-backend',
  environment: 'test',
  method: 'GET',
  url: '/api/patients/stats',
  status: 401,
  responseTime: '34ms',
  userAgent: undefined,
  ip: '::ffff:127.0.0.1',
  userId: undefined,
  userRole: undefined,
  level: 'http',
  message: 'HTTP Request',
  timestamp: '2025-09-16 15:04:40'
}
{
  level: 'http',
  message: '::ffff:127.0.0.1 - - [16/Sep/2025:09:34:40 +0000] "POST /api/patients HTTP/1.1" 401 56 "-" "-"',
  service: 'hmis-backend',
  environment: 'test',
  timestamp: '2025-09-16 15:04:40'
}
{
  service: 'hmis-backend',
  environment: 'test',
  method: 'POST',
  url: '/api/patients',
  status: 401,
  responseTime: '36ms',
  userAgent: undefined,
  ip: '::ffff:127.0.0.1',
  userId: undefined,
  userRole: undefined,
  level: 'http',
  message: 'HTTP Request',
  timestamp: '2025-09-16 15:04:40'
}
{
  level: 'http',
  message: '::ffff:127.0.0.1 - - [16/Sep/2025:09:34:40 +0000] "POST /api/patients HTTP/1.1" 401 56 "-" "-"',
  service: 'hmis-backend',
  environment: 'test',
  timestamp: '2025-09-16 15:04:40'
}
{
  service: 'hmis-backend',
  environment: 'test',
  method: 'POST',
  url: '/api/patients',
  status: 401,
  responseTime: '37ms',
  userAgent: undefined,
  ip: '::ffff:127.0.0.1',
  userId: undefined,
  userRole: undefined,
  level: 'http',
  message: 'HTTP Request',
  timestamp: '2025-09-16 15:04:40'
}
{
  level: 'http',
  message: '::ffff:127.0.0.1 - - [16/Sep/2025:09:34:40 +0000] "POST /api/patients HTTP/1.1" 401 56 "-" "-"',
  service: 'hmis-backend',
  environment: 'test',
  timestamp: '2025-09-16 15:04:40'
}
{
  service: 'hmis-backend',
  environment: 'test',
  method: 'POST',
  url: '/api/patients',
  status: 401,
  responseTime: '33ms',
  userAgent: undefined,
  ip: '::ffff:127.0.0.1',
  userId: undefined,
  userRole: undefined,
  level: 'http',
  message: 'HTTP Request',
  timestamp: '2025-09-16 15:04:40'
}
{
  message: 'Attempting to load PostgreSQL database...',
  level: 'info',
  service: 'hmis-backend',
  environment: 'test',
  timestamp: '2025-09-16 15:04:41'
}
{
  service: 'hmis-backend',
  environment: 'test',
  error: "Cannot read properties of undefined (reading 'host')",
  level: 'warn',
  message: '⚠️ PostgreSQL not available, using demo database',
  timestamp: '2025-09-16 15:04:41'
}
{
  message: '✅ Using demo database',
  level: 'info',
  service: 'hmis-backend',
  environment: 'test',
  timestamp: '2025-09-16 15:04:41'
}
{
  level: 'http',
  message: '::ffff:127.0.0.1 - - [16/Sep/2025:09:34:41 +0000] "POST /api/auth/login HTTP/1.1" 400 64 "-" "-"',
  service: 'hmis-backend',
  environment: 'test',
  timestamp: '2025-09-16 15:04:41'
}
{
  service: 'hmis-backend',
  environment: 'test',
  method: 'POST',
  url: '/api/auth/login',
  status: 400,
  responseTime: '71ms',
  userAgent: undefined,
  ip: '::ffff:127.0.0.1',
  userId: undefined,
  userRole: undefined,
  level: 'http',
  message: 'HTTP Request',
  timestamp: '2025-09-16 15:04:41'
}
{
  level: 'http',
  message: '::ffff:127.0.0.1 - - [16/Sep/2025:09:34:42 +0000] "POST /api/auth/login HTTP/1.1" 400 64 "-" "-"',
  service: 'hmis-backend',
  environment: 'test',
  timestamp: '2025-09-16 15:04:42'
}
{
  service: 'hmis-backend',
  environment: 'test',
  method: 'POST',
  url: '/api/auth/login',
  status: 400,
  responseTime: '29ms',
  userAgent: undefined,
  ip: '::ffff:127.0.0.1',
  userId: undefined,
  userRole: undefined,
  level: 'http',
  message: 'HTTP Request',
  timestamp: '2025-09-16 15:04:42'
}
{
  level: 'http',
  message: '::ffff:127.0.0.1 - - [16/Sep/2025:09:34:42 +0000] "POST /api/auth/login HTTP/1.1" 400 64 "-" "-"',
  service: 'hmis-backend',
  environment: 'test',
  timestamp: '2025-09-16 15:04:42'
}
{
  service: 'hmis-backend',
  environment: 'test',
  method: 'POST',
  url: '/api/auth/login',
  status: 400,
  responseTime: '12ms',
  userAgent: undefined,
  ip: '::ffff:127.0.0.1',
  userId: undefined,
  userRole: undefined,
  level: 'http',
  message: 'HTTP Request',
  timestamp: '2025-09-16 15:04:42'
}
{
  level: 'http',
  message: '::ffff:127.0.0.1 - - [16/Sep/2025:09:34:42 +0000] "POST /api/auth/login HTTP/1.1" 400 137 "-" "-"',
  service: 'hmis-backend',
  environment: 'test',
  timestamp: '2025-09-16 15:04:42'
}
{
  service: 'hmis-backend',
  environment: 'test',
  method: 'POST',
  url: '/api/auth/login',
  status: 400,
  responseTime: '16ms',
  userAgent: undefined,
  ip: '::ffff:127.0.0.1',
  userId: undefined,
  userRole: undefined,
  level: 'http',
  message: 'HTTP Request',
  timestamp: '2025-09-16 15:04:42'
}
{
  level: 'http',
  message: '::ffff:127.0.0.1 - - [16/Sep/2025:09:34:42 +0000] "POST /api/auth/login HTTP/1.1" 400 126 "-" "-"',
  service: 'hmis-backend',
  environment: 'test',
  timestamp: '2025-09-16 15:04:42'
}
{
  service: 'hmis-backend',
  environment: 'test',
  method: 'POST',
  url: '/api/auth/login',
  status: 400,
  responseTime: '13ms',
  userAgent: undefined,
  ip: '::ffff:127.0.0.1',
  userId: undefined,
  userRole: undefined,
  level: 'http',
  message: 'HTTP Request',
  timestamp: '2025-09-16 15:04:42'
}
{
  level: 'http',
  message: '::ffff:127.0.0.1 - - [16/Sep/2025:09:34:42 +0000] "GET /api/auth/profile HTTP/1.1" 401 56 "-" "-"',
  service: 'hmis-backend',
  environment: 'test',
  timestamp: '2025-09-16 15:04:42'
}
{
  service: 'hmis-backend',
  environment: 'test',
  method: 'GET',
  url: '/api/auth/profile',
  status: 401,
  responseTime: '36ms',
  userAgent: undefined,
  ip: '::ffff:127.0.0.1',
  userId: undefined,
  userRole: undefined,
  level: 'http',
  message: 'HTTP Request',
  timestamp: '2025-09-16 15:04:42'
}
{
  level: 'http',
  message: '::ffff:127.0.0.1 - - [16/Sep/2025:09:34:42 +0000] "GET /api/auth/profile HTTP/1.1" 401 51 "-" "-"',
  service: 'hmis-backend',
  environment: 'test',
  timestamp: '2025-09-16 15:04:42'
}
{
  service: 'hmis-backend',
  environment: 'test',
  method: 'GET',
  url: '/api/auth/profile',
  status: 401,
  responseTime: '11ms',
  userAgent: undefined,
  ip: '::ffff:127.0.0.1',
  userId: undefined,
  userRole: undefined,
  level: 'http',
  message: 'HTTP Request',
  timestamp: '2025-09-16 15:04:42'
}
{
  level: 'http',
  message: '::ffff:127.0.0.1 - - [16/Sep/2025:09:34:42 +0000] "GET /api/auth/profile HTTP/1.1" 401 43 "-" "-"',
  service: 'hmis-backend',
  environment: 'test',
  timestamp: '2025-09-16 15:04:42'
}
{
  service: 'hmis-backend',
  environment: 'test',
  method: 'GET',
  url: '/api/auth/profile',
  status: 401,
  responseTime: '10ms',
  userAgent: undefined,
  ip: '::ffff:127.0.0.1',
  userId: undefined,
  userRole: undefined,
  level: 'http',
  message: 'HTTP Request',
  timestamp: '2025-09-16 15:04:42'
}
{
  level: 'http',
  message: '::ffff:127.0.0.1 - - [16/Sep/2025:09:34:42 +0000] "GET /api/auth/profile HTTP/1.1" 401 43 "-" "-"',
  service: 'hmis-backend',
  environment: 'test',
  timestamp: '2025-09-16 15:04:42'
}
{
  service: 'hmis-backend',
  environment: 'test',
  method: 'GET',
  url: '/api/auth/profile',
  status: 401,
  responseTime: '13ms',
  userAgent: undefined,
  ip: '::ffff:127.0.0.1',
  userId: undefined,
  userRole: undefined,
  level: 'http',
  message: 'HTTP Request',
  timestamp: '2025-09-16 15:04:42'
}
{
  level: 'http',
  message: '::ffff:127.0.0.1 - - [16/Sep/2025:09:34:42 +0000] "POST /api/auth/refresh HTTP/1.1" 401 51 "-" "-"',
  service: 'hmis-backend',
  environment: 'test',
  timestamp: '2025-09-16 15:04:42'
}
{
  service: 'hmis-backend',
  environment: 'test',
  method: 'POST',
  url: '/api/auth/refresh',
  status: 401,
  responseTime: '24ms',
  userAgent: undefined,
  ip: '::ffff:127.0.0.1',
  userId: undefined,
  userRole: undefined,
  level: 'http',
  message: 'HTTP Request',
  timestamp: '2025-09-16 15:04:42'
}
{
  level: 'http',
  message: '::ffff:127.0.0.1 - - [16/Sep/2025:09:34:42 +0000] "POST /api/auth/logout HTTP/1.1" 401 56 "-" "-"',
  service: 'hmis-backend',
  environment: 'test',
  timestamp: '2025-09-16 15:04:42'
}
{
  service: 'hmis-backend',
  environment: 'test',
  method: 'POST',
  url: '/api/auth/logout',
  status: 401,
  responseTime: '35ms',
  userAgent: undefined,
  ip: '::ffff:127.0.0.1',
  userId: undefined,
  userRole: undefined,
  level: 'http',
  message: 'HTTP Request',
  timestamp: '2025-09-16 15:04:42'
}
{
  service: 'hmis-backend',
  environment: 'test',
  method: 'POST',
  url: '/api/auth/register',
  ip: '::ffff:127.0.0.1',
  userAgent: undefined,
  level: 'warn',
  message: 'Route Not Found',
  timestamp: '2025-09-16 15:04:42'
}
{
  service: 'hmis-backend',
  environment: 'test',
  message: 'Client Error Route /api/auth/register not found not found',
  statusCode: 404,
  method: 'POST',
  url: '/api/auth/register',
  ip: '::ffff:127.0.0.1',
  userAgent: undefined,
  userId: undefined,
  userRole: undefined,
  body: {
    email: 'weak_test@test.com',
    password: '123',
    firstName: 'Test',
    lastName: 'User',
    role: 'patient'
  },
  params: {},
  query: {},
  level: 'warn',
  timestamp: '2025-09-16 15:04:42'
}
{
  level: 'http',
  message: '::ffff:127.0.0.1 - - [16/Sep/2025:09:34:42 +0000] "POST /api/auth/register HTTP/1.1" 404 84 "-" "-"',
  service: 'hmis-backend',
  environment: 'test',
  timestamp: '2025-09-16 15:04:42'
}
{
  service: 'hmis-backend',
  environment: 'test',
  method: 'POST',
  url: '/api/auth/register',
  status: 404,
  responseTime: '43ms',
  userAgent: undefined,
  ip: '::ffff:127.0.0.1',
  userId: undefined,
  userRole: undefined,
  level: 'http',
  message: 'HTTP Request',
  timestamp: '2025-09-16 15:04:42'
}
{
  level: 'http',
  message: '::ffff:127.0.0.1 - - [16/Sep/2025:09:34:42 +0000] "POST /api/auth/login HTTP/1.1" 400 64 "-" "-"',
  service: 'hmis-backend',
  environment: 'test',
  timestamp: '2025-09-16 15:04:42'
}
{
  service: 'hmis-backend',
  environment: 'test',
  method: 'POST',
  url: '/api/auth/login',
  status: 400,
  responseTime: '13ms',
  userAgent: undefined,
  ip: '::ffff:127.0.0.1',
  userId: undefined,
  userRole: undefined,
  level: 'http',
  message: 'HTTP Request',
  timestamp: '2025-09-16 15:04:42'
}
{
  level: 'http',
  message: '::ffff:127.0.0.1 - - [16/Sep/2025:09:34:42 +0000] "POST /api/auth/login HTTP/1.1" 400 64 "-" "-"',
  service: 'hmis-backend',
  environment: 'test',
  timestamp: '2025-09-16 15:04:42'
}
{
  service: 'hmis-backend',
  environment: 'test',
  method: 'POST',
  url: '/api/auth/login',
  status: 400,
  responseTime: '12ms',
  userAgent: undefined,
  ip: '::ffff:127.0.0.1',
  userId: undefined,
  userRole: undefined,
  level: 'http',
  message: 'HTTP Request',
  timestamp: '2025-09-16 15:04:42'
}
{
  level: 'http',
  message: '::ffff:127.0.0.1 - - [16/Sep/2025:09:34:42 +0000] "POST /api/auth/login HTTP/1.1" 400 64 "-" "-"',
  service: 'hmis-backend',
  environment: 'test',
  timestamp: '2025-09-16 15:04:42'
}
{
  service: 'hmis-backend',
  environment: 'test',
  method: 'POST',
  url: '/api/auth/login',
  status: 400,
  responseTime: '12ms',
  userAgent: undefined,
  ip: '::ffff:127.0.0.1',
  userId: undefined,
  userRole: undefined,
  level: 'http',
  message: 'HTTP Request',
  timestamp: '2025-09-16 15:04:42'
}
{
  level: 'http',
  message: '::ffff:127.0.0.1 - - [16/Sep/2025:09:34:42 +0000] "POST /api/auth/login HTTP/1.1" 400 64 "-" "-"',
  service: 'hmis-backend',
  environment: 'test',
  timestamp: '2025-09-16 15:04:42'
}
{
  service: 'hmis-backend',
  environment: 'test',
  method: 'POST',
  url: '/api/auth/login',
  status: 400,
  responseTime: '11ms',
  userAgent: undefined,
  ip: '::ffff:127.0.0.1',
  userId: undefined,
  userRole: undefined,
  level: 'http',
  message: 'HTTP Request',
  timestamp: '2025-09-16 15:04:42'
}
{
  level: 'http',
  message: '::ffff:127.0.0.1 - - [16/Sep/2025:09:34:42 +0000] "POST /api/auth/login HTTP/1.1" 400 64 "-" "-"',
  service: 'hmis-backend',
  environment: 'test',
  timestamp: '2025-09-16 15:04:42'
}
{
  service: 'hmis-backend',
  environment: 'test',
  method: 'POST',
  url: '/api/auth/login',
  status: 400,
  responseTime: '13ms',
  userAgent: undefined,
  ip: '::ffff:127.0.0.1',
  userId: undefined,
  userRole: undefined,
  level: 'http',
  message: 'HTTP Request',
  timestamp: '2025-09-16 15:04:43'
}
{
  level: 'http',
  message: '::ffff:127.0.0.1 - - [16/Sep/2025:09:34:43 +0000] "POST /api/auth/login HTTP/1.1" 400 64 "-" "-"',
  service: 'hmis-backend',
  environment: 'test',
  timestamp: '2025-09-16 15:04:43'
}
{
  service: 'hmis-backend',
  environment: 'test',
  method: 'POST',
  url: '/api/auth/login',
  status: 400,
  responseTime: '12ms',
  userAgent: undefined,
  ip: '::ffff:127.0.0.1',
  userId: undefined,
  userRole: undefined,
  level: 'http',
  message: 'HTTP Request',
  timestamp: '2025-09-16 15:04:43'
}
{
  level: 'http',
  message: '::ffff:127.0.0.1 - - [16/Sep/2025:09:34:43 +0000] "POST /api/auth/login HTTP/1.1" 400 64 "-" "-"',
  service: 'hmis-backend',
  environment: 'test',
  timestamp: '2025-09-16 15:04:43'
}
{
  service: 'hmis-backend',
  environment: 'test',
  method: 'POST',
  url: '/api/auth/login',
  status: 400,
  responseTime: '10ms',
  userAgent: undefined,
  ip: '::ffff:127.0.0.1',
  userId: undefined,
  userRole: undefined,
  level: 'http',
  message: 'HTTP Request',
  timestamp: '2025-09-16 15:04:43'
}
{
  level: 'http',
  message: '::ffff:127.0.0.1 - - [16/Sep/2025:09:34:43 +0000] "POST /api/auth/login HTTP/1.1" 400 64 "-" "-"',
  service: 'hmis-backend',
  environment: 'test',
  timestamp: '2025-09-16 15:04:43'
}
{
  service: 'hmis-backend',
  environment: 'test',
  method: 'POST',
  url: '/api/auth/login',
  status: 400,
  responseTime: '11ms',
  userAgent: undefined,
  ip: '::ffff:127.0.0.1',
  userId: undefined,
  userRole: undefined,
  level: 'http',
  message: 'HTTP Request',
  timestamp: '2025-09-16 15:04:43'
}
{
  level: 'http',
  message: '::ffff:127.0.0.1 - - [16/Sep/2025:09:34:43 +0000] "POST /api/auth/login HTTP/1.1" 400 64 "-" "-"',
  service: 'hmis-backend',
  environment: 'test',
  timestamp: '2025-09-16 15:04:43'
}
{
  service: 'hmis-backend',
  environment: 'test',
  method: 'POST',
  url: '/api/auth/login',
  status: 400,
  responseTime: '10ms',
  userAgent: undefined,
  ip: '::ffff:127.0.0.1',
  userId: undefined,
  userRole: undefined,
  level: 'http',
  message: 'HTTP Request',
  timestamp: '2025-09-16 15:04:43'
}
{
  level: 'http',
  message: '::ffff:127.0.0.1 - - [16/Sep/2025:09:34:43 +0000] "POST /api/auth/login HTTP/1.1" 400 64 "-" "-"',
  service: 'hmis-backend',
  environment: 'test',
  timestamp: '2025-09-16 15:04:43'
}
{
  service: 'hmis-backend',
  environment: 'test',
  method: 'POST',
  url: '/api/auth/login',
  status: 400,
  responseTime: '10ms',
  userAgent: undefined,
  ip: '::ffff:127.0.0.1',
  userId: undefined,
  userRole: undefined,
  level: 'http',
  message: 'HTTP Request',
  timestamp: '2025-09-16 15:04:43'
}
{
  message: 'Attempting to load PostgreSQL database...',
  level: 'info',
  service: 'hmis-backend',
  environment: 'test',
  timestamp: '2025-09-16 15:04:43'
}
{
  service: 'hmis-backend',
  environment: 'test',
  error: "Cannot read properties of undefined (reading 'host')",
  level: 'warn',
  message: '⚠️ PostgreSQL not available, using demo database',
  timestamp: '2025-09-16 15:04:43'
}
{
  message: '✅ Using demo database',
  level: 'info',
  service: 'hmis-backend',
  environment: 'test',
  timestamp: '2025-09-16 15:04:43'
}
{
  level: 'http',
  message: '::ffff:127.0.0.1 - - [16/Sep/2025:09:34:44 +0000] "GET /api/appointments HTTP/1.1" 401 56 "-" "-"',
  service: 'hmis-backend',
  environment: 'test',
  timestamp: '2025-09-16 15:04:44'
}
{
  service: 'hmis-backend',
  environment: 'test',
  method: 'GET',
  url: '/api/appointments',
  status: 401,
  responseTime: '33ms',
  userAgent: undefined,
  ip: '::ffff:127.0.0.1',
  userId: undefined,
  userRole: undefined,
  level: 'http',
  message: 'HTTP Request',
  timestamp: '2025-09-16 15:04:44'
}
{
  level: 'http',
  message: '::ffff:127.0.0.1 - - [16/Sep/2025:09:34:44 +0000] "GET /api/appointments HTTP/1.1" 401 51 "-" "-"',
  service: 'hmis-backend',
  environment: 'test',
  timestamp: '2025-09-16 15:04:44'
}
{
  service: 'hmis-backend',
  environment: 'test',
  method: 'GET',
  url: '/api/appointments',
  status: 401,
  responseTime: '13ms',
  userAgent: undefined,
  ip: '::ffff:127.0.0.1',
  userId: undefined,
  userRole: undefined,
  level: 'http',
  message: 'HTTP Request',
  timestamp: '2025-09-16 15:04:44'
}
{
  level: 'http',
  message: '::ffff:127.0.0.1 - - [16/Sep/2025:09:34:44 +0000] "GET /api/appointments?date=2025-09-16 HTTP/1.1" 401 56 "-" "-"',
  service: 'hmis-backend',
  environment: 'test',
  timestamp: '2025-09-16 15:04:44'
}
{
  service: 'hmis-backend',
  environment: 'test',
  method: 'GET',
  url: '/api/appointments?date=2025-09-16',
  status: 401,
  responseTime: '32ms',
  userAgent: undefined,
  ip: '::ffff:127.0.0.1',
  userId: undefined,
  userRole: undefined,
  level: 'http',
  message: 'HTTP Request',
  timestamp: '2025-09-16 15:04:44'
}
{
  level: 'http',
  message: '::ffff:127.0.0.1 - - [16/Sep/2025:09:34:44 +0000] "GET /api/appointments?status=scheduled HTTP/1.1" 401 56 "-" "-"',
  service: 'hmis-backend',
  environment: 'test',
  timestamp: '2025-09-16 15:04:44'
}
{
  service: 'hmis-backend',
  environment: 'test',
  method: 'GET',
  url: '/api/appointments?status=scheduled',
  status: 401,
  responseTime: '33ms',
  userAgent: undefined,
  ip: '::ffff:127.0.0.1',
  userId: undefined,
  userRole: undefined,
  level: 'http',
  message: 'HTTP Request',
  timestamp: '2025-09-16 15:04:44'
}
{
  level: 'http',
  message: '::ffff:127.0.0.1 - - [16/Sep/2025:09:34:44 +0000] "GET /api/appointments?doctorId=test-user-id HTTP/1.1" 401 56 "-" "-"',
  service: 'hmis-backend',
  environment: 'test',
  timestamp: '2025-09-16 15:04:44'
}
{
  service: 'hmis-backend',
  environment: 'test',
  method: 'GET',
  url: '/api/appointments?doctorId=test-user-id',
  status: 401,
  responseTime: '36ms',
  userAgent: undefined,
  ip: '::ffff:127.0.0.1',
  userId: undefined,
  userRole: undefined,
  level: 'http',
  message: 'HTTP Request',
  timestamp: '2025-09-16 15:04:44'
}
{
  level: 'http',
  message: '::ffff:127.0.0.1 - - [16/Sep/2025:09:34:44 +0000] "GET /api/appointments?page=1&limit=5 HTTP/1.1" 401 56 "-" "-"',
  service: 'hmis-backend',
  environment: 'test',
  timestamp: '2025-09-16 15:04:44'
}
{
  service: 'hmis-backend',
  environment: 'test',
  method: 'GET',
  url: '/api/appointments?page=1&limit=5',
  status: 401,
  responseTime: '27ms',
  userAgent: undefined,
  ip: '::ffff:127.0.0.1',
  userId: undefined,
  userRole: undefined,
  level: 'http',
  message: 'HTTP Request',
  timestamp: '2025-09-16 15:04:44'
}
{
  level: 'http',
  message: '::ffff:127.0.0.1 - - [16/Sep/2025:09:34:44 +0000] "POST /api/appointments HTTP/1.1" 401 56 "-" "-"',
  service: 'hmis-backend',
  environment: 'test',
  timestamp: '2025-09-16 15:04:44'
}
{
  service: 'hmis-backend',
  environment: 'test',
  method: 'POST',
  url: '/api/appointments',
  status: 401,
  responseTime: '47ms',
  userAgent: undefined,
  ip: '::ffff:127.0.0.1',
  userId: undefined,
  userRole: undefined,
  level: 'http',
  message: 'HTTP Request',
  timestamp: '2025-09-16 15:04:44'
}
{
  level: 'http',
  message: '::ffff:127.0.0.1 - - [16/Sep/2025:09:34:44 +0000] "POST /api/appointments HTTP/1.1" 401 56 "-" "-"',
  service: 'hmis-backend',
  environment: 'test',
  timestamp: '2025-09-16 15:04:44'
}
{
  service: 'hmis-backend',
  environment: 'test',
  method: 'POST',
  url: '/api/appointments',
  status: 401,
  responseTime: '39ms',
  userAgent: undefined,
  ip: '::ffff:127.0.0.1',
  userId: undefined,
  userRole: undefined,
  level: 'http',
  message: 'HTTP Request',
  timestamp: '2025-09-16 15:04:44'
}
{
  level: 'http',
  message: '::ffff:127.0.0.1 - - [16/Sep/2025:09:34:44 +0000] "POST /api/appointments HTTP/1.1" 401 56 "-" "-"',
  service: 'hmis-backend',
  environment: 'test',
  timestamp: '2025-09-16 15:04:44'
}
{
  service: 'hmis-backend',
  environment: 'test',
  method: 'POST',
  url: '/api/appointments',
  status: 401,
  responseTime: '37ms',
  userAgent: undefined,
  ip: '::ffff:127.0.0.1',
  userId: undefined,
  userRole: undefined,
  level: 'http',
  message: 'HTTP Request',
  timestamp: '2025-09-16 15:04:44'
}
{
  level: 'http',
  message: '::ffff:127.0.0.1 - - [16/Sep/2025:09:34:44 +0000] "POST /api/appointments HTTP/1.1" 401 56 "-" "-"',
  service: 'hmis-backend',
  environment: 'test',
  timestamp: '2025-09-16 15:04:44'
}
{
  service: 'hmis-backend',
  environment: 'test',
  method: 'POST',
  url: '/api/appointments',
  status: 401,
  responseTime: '31ms',
  userAgent: undefined,
  ip: '::ffff:127.0.0.1',
  userId: undefined,
  userRole: undefined,
  level: 'http',
  message: 'HTTP Request',
  timestamp: '2025-09-16 15:04:44'
}
{
  level: 'http',
  message: '::ffff:127.0.0.1 - - [16/Sep/2025:09:34:44 +0000] "POST /api/appointments HTTP/1.1" 401 56 "-" "-"',
  service: 'hmis-backend',
  environment: 'test',
  timestamp: '2025-09-16 15:04:44'
}
{
  service: 'hmis-backend',
  environment: 'test',
  method: 'POST',
  url: '/api/appointments',
  status: 401,
  responseTime: '31ms',
  userAgent: undefined,
  ip: '::ffff:127.0.0.1',
  userId: undefined,
  userRole: undefined,
  level: 'http',
  message: 'HTTP Request',
  timestamp: '2025-09-16 15:04:44'
}
{
  level: 'http',
  message: '::ffff:127.0.0.1 - - [16/Sep/2025:09:34:44 +0000] "POST /api/appointments HTTP/1.1" 401 56 "-" "-"',
  service: 'hmis-backend',
  environment: 'test',
  timestamp: '2025-09-16 15:04:44'
}
{
  service: 'hmis-backend',
  environment: 'test',
  method: 'POST',
  url: '/api/appointments',
  status: 401,
  responseTime: '30ms',
  userAgent: undefined,
  ip: '::ffff:127.0.0.1',
  userId: undefined,
  userRole: undefined,
  level: 'http',
  message: 'HTTP Request',
  timestamp: '2025-09-16 15:04:44'
}
{
  level: 'http',
  message: '::ffff:127.0.0.1 - - [16/Sep/2025:09:34:45 +0000] "GET /api/appointments/123e4567-e89b-12d3-a456-426614174000 HTTP/1.1" 401 56 "-" "-"',
  service: 'hmis-backend',
  environment: 'test',
  timestamp: '2025-09-16 15:04:45'
}
{
  service: 'hmis-backend',
  environment: 'test',
  method: 'GET',
  url: '/api/appointments/123e4567-e89b-12d3-a456-426614174000',
  status: 401,
  responseTime: '32ms',
  userAgent: undefined,
  ip: '::ffff:127.0.0.1',
  userId: undefined,
  userRole: undefined,
  level: 'http',
  message: 'HTTP Request',
  timestamp: '2025-09-16 15:04:45'
}
{
  level: 'http',
  message: '::ffff:127.0.0.1 - - [16/Sep/2025:09:34:45 +0000] "GET /api/appointments/invalid-id HTTP/1.1" 401 56 "-" "-"',
  service: 'hmis-backend',
  environment: 'test',
  timestamp: '2025-09-16 15:04:45'
}
{
  service: 'hmis-backend',
  environment: 'test',
  method: 'GET',
  url: '/api/appointments/invalid-id',
  status: 401,
  responseTime: '28ms',
  userAgent: undefined,
  ip: '::ffff:127.0.0.1',
  userId: undefined,
  userRole: undefined,
  level: 'http',
  message: 'HTTP Request',
  timestamp: '2025-09-16 15:04:45'
}
{
  level: 'http',
  message: '::ffff:127.0.0.1 - - [16/Sep/2025:09:34:45 +0000] "POST /api/appointments HTTP/1.1" 401 56 "-" "-"',
  service: 'hmis-backend',
  environment: 'test',
  timestamp: '2025-09-16 15:04:45'
}
{
  service: 'hmis-backend',
  environment: 'test',
  method: 'POST',
  url: '/api/appointments',
  status: 401,
  responseTime: '32ms',
  userAgent: undefined,
  ip: '::ffff:127.0.0.1',
  userId: undefined,
  userRole: undefined,
  level: 'http',
  message: 'HTTP Request',
  timestamp: '2025-09-16 15:04:45'
}
{
  level: 'http',
  message: '::ffff:127.0.0.1 - - [16/Sep/2025:09:34:45 +0000] "GET /api/appointments/stats HTTP/1.1" 401 56 "-" "-"',
  service: 'hmis-backend',
  environment: 'test',
  timestamp: '2025-09-16 15:04:45'
}
{
  service: 'hmis-backend',
  environment: 'test',
  method: 'GET',
  url: '/api/appointments/stats',
  status: 401,
  responseTime: '35ms',
  userAgent: undefined,
  ip: '::ffff:127.0.0.1',
  userId: undefined,
  userRole: undefined,
  level: 'http',
  message: 'HTTP Request',
  timestamp: '2025-09-16 15:04:45'
}
{
  level: 'http',
  message: '::ffff:127.0.0.1 - - [16/Sep/2025:09:34:45 +0000] "GET /api/appointments/stats HTTP/1.1" 401 56 "-" "-"',
  service: 'hmis-backend',
  environment: 'test',
  timestamp: '2025-09-16 15:04:45'
}
{
  service: 'hmis-backend',
  environment: 'test',
  method: 'GET',
  url: '/api/appointments/stats',
  status: 401,
  responseTime: '31ms',
  userAgent: undefined,
  ip: '::ffff:127.0.0.1',
  userId: undefined,
  userRole: undefined,
  level: 'http',
  message: 'HTTP Request',
  timestamp: '2025-09-16 15:04:45'
}
{
  level: 'http',
  message: '::ffff:127.0.0.1 - - [16/Sep/2025:09:34:45 +0000] "GET /api/appointments/stats HTTP/1.1" 401 56 "-" "-"',
  service: 'hmis-backend',
  environment: 'test',
  timestamp: '2025-09-16 15:04:45'
}
{
  service: 'hmis-backend',
  environment: 'test',
  method: 'GET',
  url: '/api/appointments/stats',
  status: 401,
  responseTime: '32ms',
  userAgent: undefined,
  ip: '::ffff:127.0.0.1',
  userId: undefined,
  userRole: undefined,
  level: 'http',
  message: 'HTTP Request',
  timestamp: '2025-09-16 15:04:45'
}
{
  level: 'http',
  message: '::ffff:127.0.0.1 - - [16/Sep/2025:09:34:45 +0000] "POST /api/appointments HTTP/1.1" 401 56 "-" "-"',
  service: 'hmis-backend',
  environment: 'test',
  timestamp: '2025-09-16 15:04:45'
}
{
  service: 'hmis-backend',
  environment: 'test',
  method: 'POST',
  url: '/api/appointments',
  status: 401,
  responseTime: '30ms',
  userAgent: undefined,
  ip: '::ffff:127.0.0.1',
  userId: undefined,
  userRole: undefined,
  level: 'http',
  message: 'HTTP Request',
  timestamp: '2025-09-16 15:04:45'
}
{
  level: 'http',
  message: '::ffff:127.0.0.1 - - [16/Sep/2025:09:34:45 +0000] "POST /api/appointments HTTP/1.1" 401 56 "-" "-"',
  service: 'hmis-backend',
  environment: 'test',
  timestamp: '2025-09-16 15:04:45'
}
{
  service: 'hmis-backend',
  environment: 'test',
  method: 'POST',
  url: '/api/appointments',
  status: 401,
  responseTime: '36ms',
  userAgent: undefined,
  ip: '::ffff:127.0.0.1',
  userId: undefined,
  userRole: undefined,
  level: 'http',
  message: 'HTTP Request',
  timestamp: '2025-09-16 15:04:45'
}
