{
  error: TypeError: setupProcessErrorHandlers is not a function
      at Object.<anonymous> (C:\Users\SHAURYA SALONA\Desktop\hospital\hmis-complete\backend\server.js:17:1)
      at Module._compile (node:internal/modules/cjs/loader:1688:14)
      at Object..js (node:internal/modules/cjs/loader:1820:10)
      at Module.load (node:internal/modules/cjs/loader:1423:32)
      at Function._load (node:internal/modules/cjs/loader:1246:12)
      at TracingChannel.traceSync (node:diagnostics_channel:322:14)
      at wrapModuleLoad (node:internal/modules/cjs/loader:235:24)
      at Function.executeUserEntryPoint [as runMain] (node:internal/modules/run_main:171:5)
      at node:internal/main/run_main_module:36:49,
  level: 'error',
  message: 'uncaughtException: setupProcessErrorHandlers is not a function\n' +
    'TypeError: setupProcessErrorHandlers is not a function\n' +
    '    at Object.<anonymous> (C:\\Users\\SHAURYA SALONA\\Desktop\\hospital\\hmis-complete\\backend\\server.js:17:1)\n' +
    '    at Module._compile (node:internal/modules/cjs/loader:1688:14)\n' +
    '    at Object..js (node:internal/modules/cjs/loader:1820:10)\n' +
    '    at Module.load (node:internal/modules/cjs/loader:1423:32)\n' +
    '    at Function._load (node:internal/modules/cjs/loader:1246:12)\n' +
    '    at TracingChannel.traceSync (node:diagnostics_channel:322:14)\n' +
    '    at wrapModuleLoad (node:internal/modules/cjs/loader:235:24)\n' +
    '    at Function.executeUserEntryPoint [as runMain] (node:internal/modules/run_main:171:5)\n' +
    '    at node:internal/main/run_main_module:36:49',
  stack: 'TypeError: setupProcessErrorHandlers is not a function\n' +
    '    at Object.<anonymous> (C:\\Users\\SHAURYA SALONA\\Desktop\\hospital\\hmis-complete\\backend\\server.js:17:1)\n' +
    '    at Module._compile (node:internal/modules/cjs/loader:1688:14)\n' +
    '    at Object..js (node:internal/modules/cjs/loader:1820:10)\n' +
    '    at Module.load (node:internal/modules/cjs/loader:1423:32)\n' +
    '    at Function._load (node:internal/modules/cjs/loader:1246:12)\n' +
    '    at TracingChannel.traceSync (node:diagnostics_channel:322:14)\n' +
    '    at wrapModuleLoad (node:internal/modules/cjs/loader:235:24)\n' +
    '    at Function.executeUserEntryPoint [as runMain] (node:internal/modules/run_main:171:5)\n' +
    '    at node:internal/main/run_main_module:36:49',
  exception: true,
  date: 'Tue Sep 16 2025 00:09:32 GMT+0530 (India Standard Time)',
  process: {
    pid: 39860,
    uid: null,
    gid: null,
    cwd: 'C:\\Users\\SHAURYA SALONA\\Desktop\\hospital\\hmis-complete\\backend',
    execPath: 'C:\\Program Files\\nodejs\\node.exe',
    version: 'v22.18.0',
    argv: [
      'C:\\Program Files\\nodejs\\node.exe',
      'C:\\Users\\SHAURYA SALONA\\Desktop\\hospital\\hmis-complete\\backend\\server.js'
    ],
    memoryUsage: {
      rss: 53612544,
      heapTotal: 20279296,
      heapUsed: 13160120,
      external: 2211039,
      arrayBuffers: 18675
    }
  },
  os: { loadavg: [ 0, 0, 0 ], uptime: 720211.781 },
  trace: [
    {
      column: 1,
      file: 'C:\\Users\\SHAURYA SALONA\\Desktop\\hospital\\hmis-complete\\backend\\server.js',
      function: null,
      line: 17,
      method: null,
      native: false
    },
    {
      column: 14,
      file: 'node:internal/modules/cjs/loader',
      function: 'Module._compile',
      line: 1688,
      method: '_compile',
      native: false
    },
    {
      column: 10,
      file: 'node:internal/modules/cjs/loader',
      function: 'Object..js',
      line: 1820,
      method: '.js',
      native: false
    },
    {
      column: 32,
      file: 'node:internal/modules/cjs/loader',
      function: 'Module.load',
      line: 1423,
      method: 'load',
      native: false
    },
    {
      column: 12,
      file: 'node:internal/modules/cjs/loader',
      function: 'Function._load',
      line: 1246,
      method: '_load',
      native: false
    },
    {
      column: 14,
      file: 'node:diagnostics_channel',
      function: 'TracingChannel.traceSync',
      line: 322,
      method: 'traceSync',
      native: false
    },
    {
      column: 24,
      file: 'node:internal/modules/cjs/loader',
      function: 'wrapModuleLoad',
      line: 235,
      method: null,
      native: false
    },
    {
      column: 5,
      file: 'node:internal/modules/run_main',
      function: 'Function.executeUserEntryPoint [as runMain]',
      line: 171,
      method: 'executeUserEntryPoint [as runMain]',
      native: false
    },
    {
      column: 49,
      file: 'node:internal/main/run_main_module',
      function: null,
      line: 36,
      method: null,
      native: false
    }
  ],
  service: 'hmis-backend',
  environment: 'development',
  timestamp: '2025-09-16 00:09:32'
}
{
  error: TypeError: setupProcessErrorHandlers is not a function
      at Object.<anonymous> (C:\Users\SHAURYA SALONA\Desktop\hospital\hmis-complete\backend\server.js:17:1)
      at Module._compile (node:internal/modules/cjs/loader:1688:14)
      at Object..js (node:internal/modules/cjs/loader:1820:10)
      at Module.load (node:internal/modules/cjs/loader:1423:32)
      at Function._load (node:internal/modules/cjs/loader:1246:12)
      at TracingChannel.traceSync (node:diagnostics_channel:322:14)
      at wrapModuleLoad (node:internal/modules/cjs/loader:235:24)
      at Function.executeUserEntryPoint [as runMain] (node:internal/modules/run_main:171:5)
      at node:internal/main/run_main_module:36:49,
  level: 'error',
  message: 'uncaughtException: setupProcessErrorHandlers is not a function\n' +
    'TypeError: setupProcessErrorHandlers is not a function\n' +
    '    at Object.<anonymous> (C:\\Users\\SHAURYA SALONA\\Desktop\\hospital\\hmis-complete\\backend\\server.js:17:1)\n' +
    '    at Module._compile (node:internal/modules/cjs/loader:1688:14)\n' +
    '    at Object..js (node:internal/modules/cjs/loader:1820:10)\n' +
    '    at Module.load (node:internal/modules/cjs/loader:1423:32)\n' +
    '    at Function._load (node:internal/modules/cjs/loader:1246:12)\n' +
    '    at TracingChannel.traceSync (node:diagnostics_channel:322:14)\n' +
    '    at wrapModuleLoad (node:internal/modules/cjs/loader:235:24)\n' +
    '    at Function.executeUserEntryPoint [as runMain] (node:internal/modules/run_main:171:5)\n' +
    '    at node:internal/main/run_main_module:36:49',
  stack: 'TypeError: setupProcessErrorHandlers is not a function\n' +
    '    at Object.<anonymous> (C:\\Users\\SHAURYA SALONA\\Desktop\\hospital\\hmis-complete\\backend\\server.js:17:1)\n' +
    '    at Module._compile (node:internal/modules/cjs/loader:1688:14)\n' +
    '    at Object..js (node:internal/modules/cjs/loader:1820:10)\n' +
    '    at Module.load (node:internal/modules/cjs/loader:1423:32)\n' +
    '    at Function._load (node:internal/modules/cjs/loader:1246:12)\n' +
    '    at TracingChannel.traceSync (node:diagnostics_channel:322:14)\n' +
    '    at wrapModuleLoad (node:internal/modules/cjs/loader:235:24)\n' +
    '    at Function.executeUserEntryPoint [as runMain] (node:internal/modules/run_main:171:5)\n' +
    '    at node:internal/main/run_main_module:36:49',
  exception: true,
  date: 'Tue Sep 16 2025 00:09:54 GMT+0530 (India Standard Time)',
  process: {
    pid: 27032,
    uid: null,
    gid: null,
    cwd: 'C:\\Users\\SHAURYA SALONA\\Desktop\\hospital\\hmis-complete\\backend',
    execPath: 'C:\\Program Files\\nodejs\\node.exe',
    version: 'v22.18.0',
    argv: [
      'C:\\Program Files\\nodejs\\node.exe',
      'C:\\Users\\SHAURYA SALONA\\Desktop\\hospital\\hmis-complete\\backend\\server.js'
    ],
    memoryUsage: {
      rss: 54059008,
      heapTotal: 20279296,
      heapUsed: 13151952,
      external: 2211039,
      arrayBuffers: 18675
    }
  },
  os: { loadavg: [ 0, 0, 0 ], uptime: 720234.234 },
  trace: [
    {
      column: 1,
      file: 'C:\\Users\\SHAURYA SALONA\\Desktop\\hospital\\hmis-complete\\backend\\server.js',
      function: null,
      line: 17,
      method: null,
      native: false
    },
    {
      column: 14,
      file: 'node:internal/modules/cjs/loader',
      function: 'Module._compile',
      line: 1688,
      method: '_compile',
      native: false
    },
    {
      column: 10,
      file: 'node:internal/modules/cjs/loader',
      function: 'Object..js',
      line: 1820,
      method: '.js',
      native: false
    },
    {
      column: 32,
      file: 'node:internal/modules/cjs/loader',
      function: 'Module.load',
      line: 1423,
      method: 'load',
      native: false
    },
    {
      column: 12,
      file: 'node:internal/modules/cjs/loader',
      function: 'Function._load',
      line: 1246,
      method: '_load',
      native: false
    },
    {
      column: 14,
      file: 'node:diagnostics_channel',
      function: 'TracingChannel.traceSync',
      line: 322,
      method: 'traceSync',
      native: false
    },
    {
      column: 24,
      file: 'node:internal/modules/cjs/loader',
      function: 'wrapModuleLoad',
      line: 235,
      method: null,
      native: false
    },
    {
      column: 5,
      file: 'node:internal/modules/run_main',
      function: 'Function.executeUserEntryPoint [as runMain]',
      line: 171,
      method: 'executeUserEntryPoint [as runMain]',
      native: false
    },
    {
      column: 49,
      file: 'node:internal/main/run_main_module',
      function: null,
      line: 36,
      method: null,
      native: false
    }
  ],
  service: 'hmis-backend',
  environment: 'development',
  timestamp: '2025-09-16 00:09:54'
}
{
  error: C:\Users\SHAURYA SALONA\Desktop\hospital\hmis-complete\backend\server.js:17
  setupProcessErrorHandlers();
  ^
  
  TypeError: setupProcessErrorHandlers is not a function
      at Object.<anonymous> (C:\Users\SHAURYA SALONA\Desktop\hospital\hmis-complete\backend\server.js:17:1)
      at Module._compile (node:internal/modules/cjs/loader:1688:14)
      at Object..js (node:internal/modules/cjs/loader:1820:10)
      at Module.load (node:internal/modules/cjs/loader:1423:32)
      at Function._load (node:internal/modules/cjs/loader:1246:12)
      at TracingChannel.traceSync (node:diagnostics_channel:322:14)
      at wrapModuleLoad (node:internal/modules/cjs/loader:235:24)
      at Module.require (node:internal/modules/cjs/loader:1445:12)
      at require (node:internal/modules/helpers:135:16)
      at [eval]:1:175,
  level: 'error',
  message: 'uncaughtException: setupProcessErrorHandlers is not a function\n' +
    'C:\\Users\\SHAURYA SALONA\\Desktop\\hospital\\hmis-complete\\backend\\server.js:17\n' +
    'setupProcessErrorHandlers();\n' +
    '^\n' +
    '\n' +
    'TypeError: setupProcessErrorHandlers is not a function\n' +
    '    at Object.<anonymous> (C:\\Users\\SHAURYA SALONA\\Desktop\\hospital\\hmis-complete\\backend\\server.js:17:1)\n' +
    '    at Module._compile (node:internal/modules/cjs/loader:1688:14)\n' +
    '    at Object..js (node:internal/modules/cjs/loader:1820:10)\n' +
    '    at Module.load (node:internal/modules/cjs/loader:1423:32)\n' +
    '    at Function._load (node:internal/modules/cjs/loader:1246:12)\n' +
    '    at TracingChannel.traceSync (node:diagnostics_channel:322:14)\n' +
    '    at wrapModuleLoad (node:internal/modules/cjs/loader:235:24)\n' +
    '    at Module.require (node:internal/modules/cjs/loader:1445:12)\n' +
    '    at require (node:internal/modules/helpers:135:16)\n' +
    '    at [eval]:1:175',
  stack: 'C:\\Users\\SHAURYA SALONA\\Desktop\\hospital\\hmis-complete\\backend\\server.js:17\n' +
    'setupProcessErrorHandlers();\n' +
    '^\n' +
    '\n' +
    'TypeError: setupProcessErrorHandlers is not a function\n' +
    '    at Object.<anonymous> (C:\\Users\\SHAURYA SALONA\\Desktop\\hospital\\hmis-complete\\backend\\server.js:17:1)\n' +
    '    at Module._compile (node:internal/modules/cjs/loader:1688:14)\n' +
    '    at Object..js (node:internal/modules/cjs/loader:1820:10)\n' +
    '    at Module.load (node:internal/modules/cjs/loader:1423:32)\n' +
    '    at Function._load (node:internal/modules/cjs/loader:1246:12)\n' +
    '    at TracingChannel.traceSync (node:diagnostics_channel:322:14)\n' +
    '    at wrapModuleLoad (node:internal/modules/cjs/loader:235:24)\n' +
    '    at Module.require (node:internal/modules/cjs/loader:1445:12)\n' +
    '    at require (node:internal/modules/helpers:135:16)\n' +
    '    at [eval]:1:175',
  exception: true,
  date: 'Tue Sep 16 2025 00:10:02 GMT+0530 (India Standard Time)',
  process: {
    pid: 17252,
    uid: null,
    gid: null,
    cwd: 'C:\\Users\\SHAURYA SALONA\\Desktop\\hospital\\hmis-complete\\backend',
    execPath: 'C:\\Program Files\\nodejs\\node.exe',
    version: 'v22.18.0',
    argv: [ 'C:\\Program Files\\nodejs\\node.exe' ],
    memoryUsage: {
      rss: 54370304,
      heapTotal: 20017152,
      heapUsed: 12872392,
      external: 2286589,
      arrayBuffers: 18675
    }
  },
  os: { loadavg: [ 0, 0, 0 ], uptime: 720242.218 },
  trace: [
    {
      column: 1,
      file: 'C:\\Users\\SHAURYA SALONA\\Desktop\\hospital\\hmis-complete\\backend\\server.js',
      function: null,
      line: 17,
      method: null,
      native: false
    },
    {
      column: 14,
      file: 'node:internal/modules/cjs/loader',
      function: 'Module._compile',
      line: 1688,
      method: '_compile',
      native: false
    },
    {
      column: 10,
      file: 'node:internal/modules/cjs/loader',
      function: 'Object..js',
      line: 1820,
      method: '.js',
      native: false
    },
    {
      column: 32,
      file: 'node:internal/modules/cjs/loader',
      function: 'Module.load',
      line: 1423,
      method: 'load',
      native: false
    },
    {
      column: 12,
      file: 'node:internal/modules/cjs/loader',
      function: 'Function._load',
      line: 1246,
      method: '_load',
      native: false
    },
    {
      column: 14,
      file: 'node:diagnostics_channel',
      function: 'TracingChannel.traceSync',
      line: 322,
      method: 'traceSync',
      native: false
    },
    {
      column: 24,
      file: 'node:internal/modules/cjs/loader',
      function: 'wrapModuleLoad',
      line: 235,
      method: null,
      native: false
    },
    {
      column: 12,
      file: 'node:internal/modules/cjs/loader',
      function: 'Module.require',
      line: 1445,
      method: 'require',
      native: false
    },
    {
      column: 16,
      file: 'node:internal/modules/helpers',
      function: 'require',
      line: 135,
      method: null,
      native: false
    },
    {
      column: 175,
      file: '[eval]',
      function: null,
      line: 1,
      method: null,
      native: false
    }
  ],
  service: 'hmis-backend',
  environment: 'development',
  timestamp: '2025-09-16 00:10:02'
}
{
  error: TypeError: setupProcessErrorHandlers is not a function
      at Object.<anonymous> (C:\Users\SHAURYA SALONA\Desktop\hospital\hmis-complete\backend\server.js:17:1)
      at Module._compile (node:internal/modules/cjs/loader:1688:14)
      at Object..js (node:internal/modules/cjs/loader:1820:10)
      at Module.load (node:internal/modules/cjs/loader:1423:32)
      at Function._load (node:internal/modules/cjs/loader:1246:12)
      at TracingChannel.traceSync (node:diagnostics_channel:322:14)
      at wrapModuleLoad (node:internal/modules/cjs/loader:235:24)
      at Function.executeUserEntryPoint [as runMain] (node:internal/modules/run_main:171:5)
      at node:internal/main/run_main_module:36:49,
  level: 'error',
  message: 'uncaughtException: setupProcessErrorHandlers is not a function\n' +
    'TypeError: setupProcessErrorHandlers is not a function\n' +
    '    at Object.<anonymous> (C:\\Users\\SHAURYA SALONA\\Desktop\\hospital\\hmis-complete\\backend\\server.js:17:1)\n' +
    '    at Module._compile (node:internal/modules/cjs/loader:1688:14)\n' +
    '    at Object..js (node:internal/modules/cjs/loader:1820:10)\n' +
    '    at Module.load (node:internal/modules/cjs/loader:1423:32)\n' +
    '    at Function._load (node:internal/modules/cjs/loader:1246:12)\n' +
    '    at TracingChannel.traceSync (node:diagnostics_channel:322:14)\n' +
    '    at wrapModuleLoad (node:internal/modules/cjs/loader:235:24)\n' +
    '    at Function.executeUserEntryPoint [as runMain] (node:internal/modules/run_main:171:5)\n' +
    '    at node:internal/main/run_main_module:36:49',
  stack: 'TypeError: setupProcessErrorHandlers is not a function\n' +
    '    at Object.<anonymous> (C:\\Users\\SHAURYA SALONA\\Desktop\\hospital\\hmis-complete\\backend\\server.js:17:1)\n' +
    '    at Module._compile (node:internal/modules/cjs/loader:1688:14)\n' +
    '    at Object..js (node:internal/modules/cjs/loader:1820:10)\n' +
    '    at Module.load (node:internal/modules/cjs/loader:1423:32)\n' +
    '    at Function._load (node:internal/modules/cjs/loader:1246:12)\n' +
    '    at TracingChannel.traceSync (node:diagnostics_channel:322:14)\n' +
    '    at wrapModuleLoad (node:internal/modules/cjs/loader:235:24)\n' +
    '    at Function.executeUserEntryPoint [as runMain] (node:internal/modules/run_main:171:5)\n' +
    '    at node:internal/main/run_main_module:36:49',
  exception: true,
  date: 'Tue Sep 16 2025 00:10:23 GMT+0530 (India Standard Time)',
  process: {
    pid: 15372,
    uid: null,
    gid: null,
    cwd: 'C:\\Users\\SHAURYA SALONA\\Desktop\\hospital\\hmis-complete\\backend',
    execPath: 'C:\\Program Files\\nodejs\\node.exe',
    version: 'v22.18.0',
    argv: [
      'C:\\Program Files\\nodejs\\node.exe',
      'C:\\Users\\SHAURYA SALONA\\Desktop\\hospital\\hmis-complete\\backend\\server.js'
    ],
    memoryUsage: {
      rss: 54145024,
      heapTotal: 20279296,
      heapUsed: 13263240,
      external: 2211039,
      arrayBuffers: 18675
    }
  },
  os: { loadavg: [ 0, 0, 0 ], uptime: 720263.359 },
  trace: [
    {
      column: 1,
      file: 'C:\\Users\\SHAURYA SALONA\\Desktop\\hospital\\hmis-complete\\backend\\server.js',
      function: null,
      line: 17,
      method: null,
      native: false
    },
    {
      column: 14,
      file: 'node:internal/modules/cjs/loader',
      function: 'Module._compile',
      line: 1688,
      method: '_compile',
      native: false
    },
    {
      column: 10,
      file: 'node:internal/modules/cjs/loader',
      function: 'Object..js',
      line: 1820,
      method: '.js',
      native: false
    },
    {
      column: 32,
      file: 'node:internal/modules/cjs/loader',
      function: 'Module.load',
      line: 1423,
      method: 'load',
      native: false
    },
    {
      column: 12,
      file: 'node:internal/modules/cjs/loader',
      function: 'Function._load',
      line: 1246,
      method: '_load',
      native: false
    },
    {
      column: 14,
      file: 'node:diagnostics_channel',
      function: 'TracingChannel.traceSync',
      line: 322,
      method: 'traceSync',
      native: false
    },
    {
      column: 24,
      file: 'node:internal/modules/cjs/loader',
      function: 'wrapModuleLoad',
      line: 235,
      method: null,
      native: false
    },
    {
      column: 5,
      file: 'node:internal/modules/run_main',
      function: 'Function.executeUserEntryPoint [as runMain]',
      line: 171,
      method: 'executeUserEntryPoint [as runMain]',
      native: false
    },
    {
      column: 49,
      file: 'node:internal/main/run_main_module',
      function: null,
      line: 36,
      method: null,
      native: false
    }
  ],
  service: 'hmis-backend',
  environment: 'development',
  timestamp: '2025-09-16 00:10:23'
}
{
  error: Error: Cannot find module 'bcrypt'
  Require stack:
  - C:\Users\SHAURYA SALONA\Desktop\hospital\hmis-complete\backend\controllers\authController.js
  - C:\Users\SHAURYA SALONA\Desktop\hospital\hmis-complete\backend\routes\auth.js
  - C:\Users\SHAURYA SALONA\Desktop\hospital\hmis-complete\backend\server.js
      at Function._resolveFilename (node:internal/modules/cjs/loader:1365:15)
      at defaultResolveImpl (node:internal/modules/cjs/loader:1021:19)
      at resolveForCJSWithHooks (node:internal/modules/cjs/loader:1026:22)
      at Function._load (node:internal/modules/cjs/loader:1175:37)
      at TracingChannel.traceSync (node:diagnostics_channel:322:14)
      at wrapModuleLoad (node:internal/modules/cjs/loader:235:24)
      at Module.require (node:internal/modules/cjs/loader:1445:12)
      at require (node:internal/modules/helpers:135:16)
      at Object.<anonymous> (C:\Users\SHAURYA SALONA\Desktop\hospital\hmis-complete\backend\controllers\authController.js:1:16)
      at Module._compile (node:internal/modules/cjs/loader:1688:14) {
    code: 'MODULE_NOT_FOUND',
    requireStack: [
      'C:\\Users\\SHAURYA SALONA\\Desktop\\hospital\\hmis-complete\\backend\\controllers\\authController.js',
      'C:\\Users\\SHAURYA SALONA\\Desktop\\hospital\\hmis-complete\\backend\\routes\\auth.js',
      'C:\\Users\\SHAURYA SALONA\\Desktop\\hospital\\hmis-complete\\backend\\server.js'
    ]
  },
  level: 'error',
  message: "uncaughtException: Cannot find module 'bcrypt'\n" +
    'Require stack:\n' +
    '- C:\\Users\\SHAURYA SALONA\\Desktop\\hospital\\hmis-complete\\backend\\controllers\\authController.js\n' +
    '- C:\\Users\\SHAURYA SALONA\\Desktop\\hospital\\hmis-complete\\backend\\routes\\auth.js\n' +
    '- C:\\Users\\SHAURYA SALONA\\Desktop\\hospital\\hmis-complete\\backend\\server.js\n' +
    "Error: Cannot find module 'bcrypt'\n" +
    'Require stack:\n' +
    '- C:\\Users\\SHAURYA SALONA\\Desktop\\hospital\\hmis-complete\\backend\\controllers\\authController.js\n' +
    '- C:\\Users\\SHAURYA SALONA\\Desktop\\hospital\\hmis-complete\\backend\\routes\\auth.js\n' +
    '- C:\\Users\\SHAURYA SALONA\\Desktop\\hospital\\hmis-complete\\backend\\server.js\n' +
    '    at Function._resolveFilename (node:internal/modules/cjs/loader:1365:15)\n' +
    '    at defaultResolveImpl (node:internal/modules/cjs/loader:1021:19)\n' +
    '    at resolveForCJSWithHooks (node:internal/modules/cjs/loader:1026:22)\n' +
    '    at Function._load (node:internal/modules/cjs/loader:1175:37)\n' +
    '    at TracingChannel.traceSync (node:diagnostics_channel:322:14)\n' +
    '    at wrapModuleLoad (node:internal/modules/cjs/loader:235:24)\n' +
    '    at Module.require (node:internal/modules/cjs/loader:1445:12)\n' +
    '    at require (node:internal/modules/helpers:135:16)\n' +
    '    at Object.<anonymous> (C:\\Users\\SHAURYA SALONA\\Desktop\\hospital\\hmis-complete\\backend\\controllers\\authController.js:1:16)\n' +
    '    at Module._compile (node:internal/modules/cjs/loader:1688:14)',
  stack: "Error: Cannot find module 'bcrypt'\n" +
    'Require stack:\n' +
    '- C:\\Users\\SHAURYA SALONA\\Desktop\\hospital\\hmis-complete\\backend\\controllers\\authController.js\n' +
    '- C:\\Users\\SHAURYA SALONA\\Desktop\\hospital\\hmis-complete\\backend\\routes\\auth.js\n' +
    '- C:\\Users\\SHAURYA SALONA\\Desktop\\hospital\\hmis-complete\\backend\\server.js\n' +
    '    at Function._resolveFilename (node:internal/modules/cjs/loader:1365:15)\n' +
    '    at defaultResolveImpl (node:internal/modules/cjs/loader:1021:19)\n' +
    '    at resolveForCJSWithHooks (node:internal/modules/cjs/loader:1026:22)\n' +
    '    at Function._load (node:internal/modules/cjs/loader:1175:37)\n' +
    '    at TracingChannel.traceSync (node:diagnostics_channel:322:14)\n' +
    '    at wrapModuleLoad (node:internal/modules/cjs/loader:235:24)\n' +
    '    at Module.require (node:internal/modules/cjs/loader:1445:12)\n' +
    '    at require (node:internal/modules/helpers:135:16)\n' +
    '    at Object.<anonymous> (C:\\Users\\SHAURYA SALONA\\Desktop\\hospital\\hmis-complete\\backend\\controllers\\authController.js:1:16)\n' +
    '    at Module._compile (node:internal/modules/cjs/loader:1688:14)',
  exception: true,
  date: 'Tue Sep 16 2025 00:10:39 GMT+0530 (India Standard Time)',
  process: {
    pid: 38712,
    uid: null,
    gid: null,
    cwd: 'C:\\Users\\SHAURYA SALONA\\Desktop\\hospital\\hmis-complete\\backend',
    execPath: 'C:\\Program Files\\nodejs\\node.exe',
    version: 'v22.18.0',
    argv: [
      'C:\\Program Files\\nodejs\\node.exe',
      'C:\\Users\\SHAURYA SALONA\\Desktop\\hospital\\hmis-complete\\backend\\server.js'
    ],
    memoryUsage: {
      rss: 57028608,
      heapTotal: 32362496,
      heapUsed: 16860448,
      external: 2257835,
      arrayBuffers: 18635
    }
  },
  os: { loadavg: [ 0, 0, 0 ], uptime: 720279.203 },
  trace: [
    {
      column: 15,
      file: 'node:internal/modules/cjs/loader',
      function: 'Function._resolveFilename',
      line: 1365,
      method: '_resolveFilename',
      native: false
    },
    {
      column: 19,
      file: 'node:internal/modules/cjs/loader',
      function: 'defaultResolveImpl',
      line: 1021,
      method: null,
      native: false
    },
    {
      column: 22,
      file: 'node:internal/modules/cjs/loader',
      function: 'resolveForCJSWithHooks',
      line: 1026,
      method: null,
      native: false
    },
    {
      column: 37,
      file: 'node:internal/modules/cjs/loader',
      function: 'Function._load',
      line: 1175,
      method: '_load',
      native: false
    },
    {
      column: 14,
      file: 'node:diagnostics_channel',
      function: 'TracingChannel.traceSync',
      line: 322,
      method: 'traceSync',
      native: false
    },
    {
      column: 24,
      file: 'node:internal/modules/cjs/loader',
      function: 'wrapModuleLoad',
      line: 235,
      method: null,
      native: false
    },
    {
      column: 12,
      file: 'node:internal/modules/cjs/loader',
      function: 'Module.require',
      line: 1445,
      method: 'require',
      native: false
    },
    {
      column: 16,
      file: 'node:internal/modules/helpers',
      function: 'require',
      line: 135,
      method: null,
      native: false
    },
    {
      column: 16,
      file: 'C:\\Users\\SHAURYA SALONA\\Desktop\\hospital\\hmis-complete\\backend\\controllers\\authController.js',
      function: null,
      line: 1,
      method: null,
      native: false
    },
    {
      column: 14,
      file: 'node:internal/modules/cjs/loader',
      function: 'Module._compile',
      line: 1688,
      method: '_compile',
      native: false
    }
  ],
  service: 'hmis-backend',
  environment: 'development',
  timestamp: '2025-09-16 00:10:39'
}
{
  error: Error: Cannot find module 'bcrypt'
  Require stack:
  - C:\Users\SHAURYA SALONA\Desktop\hospital\hmis-complete\backend\controllers\authController.js
  - C:\Users\SHAURYA SALONA\Desktop\hospital\hmis-complete\backend\routes\auth.js
  - C:\Users\SHAURYA SALONA\Desktop\hospital\hmis-complete\backend\server.js
      at Function._resolveFilename (node:internal/modules/cjs/loader:1365:15)
      at defaultResolveImpl (node:internal/modules/cjs/loader:1021:19)
      at resolveForCJSWithHooks (node:internal/modules/cjs/loader:1026:22)
      at Function._load (node:internal/modules/cjs/loader:1175:37)
      at TracingChannel.traceSync (node:diagnostics_channel:322:14)
      at wrapModuleLoad (node:internal/modules/cjs/loader:235:24)
      at Module.require (node:internal/modules/cjs/loader:1445:12)
      at require (node:internal/modules/helpers:135:16)
      at Object.<anonymous> (C:\Users\SHAURYA SALONA\Desktop\hospital\hmis-complete\backend\controllers\authController.js:1:16)
      at Module._compile (node:internal/modules/cjs/loader:1688:14) {
    code: 'MODULE_NOT_FOUND',
    requireStack: [
      'C:\\Users\\SHAURYA SALONA\\Desktop\\hospital\\hmis-complete\\backend\\controllers\\authController.js',
      'C:\\Users\\SHAURYA SALONA\\Desktop\\hospital\\hmis-complete\\backend\\routes\\auth.js',
      'C:\\Users\\SHAURYA SALONA\\Desktop\\hospital\\hmis-complete\\backend\\server.js'
    ]
  },
  level: 'error',
  message: "uncaughtException: Cannot find module 'bcrypt'\n" +
    'Require stack:\n' +
    '- C:\\Users\\SHAURYA SALONA\\Desktop\\hospital\\hmis-complete\\backend\\controllers\\authController.js\n' +
    '- C:\\Users\\SHAURYA SALONA\\Desktop\\hospital\\hmis-complete\\backend\\routes\\auth.js\n' +
    '- C:\\Users\\SHAURYA SALONA\\Desktop\\hospital\\hmis-complete\\backend\\server.js\n' +
    "Error: Cannot find module 'bcrypt'\n" +
    'Require stack:\n' +
    '- C:\\Users\\SHAURYA SALONA\\Desktop\\hospital\\hmis-complete\\backend\\controllers\\authController.js\n' +
    '- C:\\Users\\SHAURYA SALONA\\Desktop\\hospital\\hmis-complete\\backend\\routes\\auth.js\n' +
    '- C:\\Users\\SHAURYA SALONA\\Desktop\\hospital\\hmis-complete\\backend\\server.js\n' +
    '    at Function._resolveFilename (node:internal/modules/cjs/loader:1365:15)\n' +
    '    at defaultResolveImpl (node:internal/modules/cjs/loader:1021:19)\n' +
    '    at resolveForCJSWithHooks (node:internal/modules/cjs/loader:1026:22)\n' +
    '    at Function._load (node:internal/modules/cjs/loader:1175:37)\n' +
    '    at TracingChannel.traceSync (node:diagnostics_channel:322:14)\n' +
    '    at wrapModuleLoad (node:internal/modules/cjs/loader:235:24)\n' +
    '    at Module.require (node:internal/modules/cjs/loader:1445:12)\n' +
    '    at require (node:internal/modules/helpers:135:16)\n' +
    '    at Object.<anonymous> (C:\\Users\\SHAURYA SALONA\\Desktop\\hospital\\hmis-complete\\backend\\controllers\\authController.js:1:16)\n' +
    '    at Module._compile (node:internal/modules/cjs/loader:1688:14)',
  stack: "Error: Cannot find module 'bcrypt'\n" +
    'Require stack:\n' +
    '- C:\\Users\\SHAURYA SALONA\\Desktop\\hospital\\hmis-complete\\backend\\controllers\\authController.js\n' +
    '- C:\\Users\\SHAURYA SALONA\\Desktop\\hospital\\hmis-complete\\backend\\routes\\auth.js\n' +
    '- C:\\Users\\SHAURYA SALONA\\Desktop\\hospital\\hmis-complete\\backend\\server.js\n' +
    '    at Function._resolveFilename (node:internal/modules/cjs/loader:1365:15)\n' +
    '    at defaultResolveImpl (node:internal/modules/cjs/loader:1021:19)\n' +
    '    at resolveForCJSWithHooks (node:internal/modules/cjs/loader:1026:22)\n' +
    '    at Function._load (node:internal/modules/cjs/loader:1175:37)\n' +
    '    at TracingChannel.traceSync (node:diagnostics_channel:322:14)\n' +
    '    at wrapModuleLoad (node:internal/modules/cjs/loader:235:24)\n' +
    '    at Module.require (node:internal/modules/cjs/loader:1445:12)\n' +
    '    at require (node:internal/modules/helpers:135:16)\n' +
    '    at Object.<anonymous> (C:\\Users\\SHAURYA SALONA\\Desktop\\hospital\\hmis-complete\\backend\\controllers\\authController.js:1:16)\n' +
    '    at Module._compile (node:internal/modules/cjs/loader:1688:14)',
  exception: true,
  date: 'Tue Sep 16 2025 00:10:59 GMT+0530 (India Standard Time)',
  process: {
    pid: 33768,
    uid: null,
    gid: null,
    cwd: 'C:\\Users\\SHAURYA SALONA\\Desktop\\hospital\\hmis-complete\\backend',
    execPath: 'C:\\Program Files\\nodejs\\node.exe',
    version: 'v22.18.0',
    argv: [
      'C:\\Program Files\\nodejs\\node.exe',
      'C:\\Users\\SHAURYA SALONA\\Desktop\\hospital\\hmis-complete\\backend\\server.js'
    ],
    memoryUsage: {
      rss: 57577472,
      heapTotal: 32886784,
      heapUsed: 16876008,
      external: 2257835,
      arrayBuffers: 18635
    }
  },
  os: { loadavg: [ 0, 0, 0 ], uptime: 720298.796 },
  trace: [
    {
      column: 15,
      file: 'node:internal/modules/cjs/loader',
      function: 'Function._resolveFilename',
      line: 1365,
      method: '_resolveFilename',
      native: false
    },
    {
      column: 19,
      file: 'node:internal/modules/cjs/loader',
      function: 'defaultResolveImpl',
      line: 1021,
      method: null,
      native: false
    },
    {
      column: 22,
      file: 'node:internal/modules/cjs/loader',
      function: 'resolveForCJSWithHooks',
      line: 1026,
      method: null,
      native: false
    },
    {
      column: 37,
      file: 'node:internal/modules/cjs/loader',
      function: 'Function._load',
      line: 1175,
      method: '_load',
      native: false
    },
    {
      column: 14,
      file: 'node:diagnostics_channel',
      function: 'TracingChannel.traceSync',
      line: 322,
      method: 'traceSync',
      native: false
    },
    {
      column: 24,
      file: 'node:internal/modules/cjs/loader',
      function: 'wrapModuleLoad',
      line: 235,
      method: null,
      native: false
    },
    {
      column: 12,
      file: 'node:internal/modules/cjs/loader',
      function: 'Module.require',
      line: 1445,
      method: 'require',
      native: false
    },
    {
      column: 16,
      file: 'node:internal/modules/helpers',
      function: 'require',
      line: 135,
      method: null,
      native: false
    },
    {
      column: 16,
      file: 'C:\\Users\\SHAURYA SALONA\\Desktop\\hospital\\hmis-complete\\backend\\controllers\\authController.js',
      function: null,
      line: 1,
      method: null,
      native: false
    },
    {
      column: 14,
      file: 'node:internal/modules/cjs/loader',
      function: 'Module._compile',
      line: 1688,
      method: '_compile',
      native: false
    }
  ],
  service: 'hmis-backend',
  environment: 'development',
  timestamp: '2025-09-16 00:10:59'
}
{
  error: C:\Users\SHAURYA SALONA\Desktop\hospital\hmis-complete\backend\routes\drug-interactions.js:183
  router.get('/severity/:level', [
         ^
  
  ReferenceError: param is not defined
      at Object.<anonymous> (C:\Users\SHAURYA SALONA\Desktop\hospital\hmis-complete\backend\routes\drug-interactions.js:183:8)
      at Module._compile (node:internal/modules/cjs/loader:1688:14)
      at Object..js (node:internal/modules/cjs/loader:1820:10)
      at Module.load (node:internal/modules/cjs/loader:1423:32)
      at Function._load (node:internal/modules/cjs/loader:1246:12)
      at TracingChannel.traceSync (node:diagnostics_channel:322:14)
      at wrapModuleLoad (node:internal/modules/cjs/loader:235:24)
      at Module.require (node:internal/modules/cjs/loader:1445:12)
      at require (node:internal/modules/helpers:135:16)
      at Object.<anonymous> (C:\Users\SHAURYA SALONA\Desktop\hospital\hmis-complete\backend\server.js:63:31),
  level: 'error',
  message: 'uncaughtException: param is not defined\n' +
    'C:\\Users\\SHAURYA SALONA\\Desktop\\hospital\\hmis-complete\\backend\\routes\\drug-interactions.js:183\n' +
    "router.get('/severity/:level', [\n" +
    '       ^\n' +
    '\n' +
    'ReferenceError: param is not defined\n' +
    '    at Object.<anonymous> (C:\\Users\\SHAURYA SALONA\\Desktop\\hospital\\hmis-complete\\backend\\routes\\drug-interactions.js:183:8)\n' +
    '    at Module._compile (node:internal/modules/cjs/loader:1688:14)\n' +
    '    at Object..js (node:internal/modules/cjs/loader:1820:10)\n' +
    '    at Module.load (node:internal/modules/cjs/loader:1423:32)\n' +
    '    at Function._load (node:internal/modules/cjs/loader:1246:12)\n' +
    '    at TracingChannel.traceSync (node:diagnostics_channel:322:14)\n' +
    '    at wrapModuleLoad (node:internal/modules/cjs/loader:235:24)\n' +
    '    at Module.require (node:internal/modules/cjs/loader:1445:12)\n' +
    '    at require (node:internal/modules/helpers:135:16)\n' +
    '    at Object.<anonymous> (C:\\Users\\SHAURYA SALONA\\Desktop\\hospital\\hmis-complete\\backend\\server.js:63:31)',
  stack: 'C:\\Users\\SHAURYA SALONA\\Desktop\\hospital\\hmis-complete\\backend\\routes\\drug-interactions.js:183\n' +
    "router.get('/severity/:level', [\n" +
    '       ^\n' +
    '\n' +
    'ReferenceError: param is not defined\n' +
    '    at Object.<anonymous> (C:\\Users\\SHAURYA SALONA\\Desktop\\hospital\\hmis-complete\\backend\\routes\\drug-interactions.js:183:8)\n' +
    '    at Module._compile (node:internal/modules/cjs/loader:1688:14)\n' +
    '    at Object..js (node:internal/modules/cjs/loader:1820:10)\n' +
    '    at Module.load (node:internal/modules/cjs/loader:1423:32)\n' +
    '    at Function._load (node:internal/modules/cjs/loader:1246:12)\n' +
    '    at TracingChannel.traceSync (node:diagnostics_channel:322:14)\n' +
    '    at wrapModuleLoad (node:internal/modules/cjs/loader:235:24)\n' +
    '    at Module.require (node:internal/modules/cjs/loader:1445:12)\n' +
    '    at require (node:internal/modules/helpers:135:16)\n' +
    '    at Object.<anonymous> (C:\\Users\\SHAURYA SALONA\\Desktop\\hospital\\hmis-complete\\backend\\server.js:63:31)',
  exception: true,
  date: 'Tue Sep 16 2025 00:33:17 GMT+0530 (India Standard Time)',
  process: {
    pid: 1696,
    uid: null,
    gid: null,
    cwd: 'C:\\Users\\SHAURYA SALONA\\Desktop\\hospital\\hmis-complete\\backend',
    execPath: 'C:\\Program Files\\nodejs\\node.exe',
    version: 'v22.18.0',
    argv: [ 'C:\\Program Files\\nodejs\\node.exe' ],
    memoryUsage: {
      rss: 70557696,
      heapTotal: 34983936,
      heapUsed: 19462320,
      external: 2333345,
      arrayBuffers: 18635
    }
  },
  os: { loadavg: [ 0, 0, 0 ], uptime: 721637.437 },
  trace: [
    {
      column: 8,
      file: 'C:\\Users\\SHAURYA SALONA\\Desktop\\hospital\\hmis-complete\\backend\\routes\\drug-interactions.js',
      function: null,
      line: 183,
      method: null,
      native: false
    },
    {
      column: 14,
      file: 'node:internal/modules/cjs/loader',
      function: 'Module._compile',
      line: 1688,
      method: '_compile',
      native: false
    },
    {
      column: 10,
      file: 'node:internal/modules/cjs/loader',
      function: 'Object..js',
      line: 1820,
      method: '.js',
      native: false
    },
    {
      column: 32,
      file: 'node:internal/modules/cjs/loader',
      function: 'Module.load',
      line: 1423,
      method: 'load',
      native: false
    },
    {
      column: 12,
      file: 'node:internal/modules/cjs/loader',
      function: 'Function._load',
      line: 1246,
      method: '_load',
      native: false
    },
    {
      column: 14,
      file: 'node:diagnostics_channel',
      function: 'TracingChannel.traceSync',
      line: 322,
      method: 'traceSync',
      native: false
    },
    {
      column: 24,
      file: 'node:internal/modules/cjs/loader',
      function: 'wrapModuleLoad',
      line: 235,
      method: null,
      native: false
    },
    {
      column: 12,
      file: 'node:internal/modules/cjs/loader',
      function: 'Module.require',
      line: 1445,
      method: 'require',
      native: false
    },
    {
      column: 16,
      file: 'node:internal/modules/helpers',
      function: 'require',
      line: 135,
      method: null,
      native: false
    },
    {
      column: 31,
      file: 'C:\\Users\\SHAURYA SALONA\\Desktop\\hospital\\hmis-complete\\backend\\server.js',
      function: null,
      line: 63,
      method: null,
      native: false
    }
  ],
  service: 'hmis-backend',
  environment: 'development',
  timestamp: '2025-09-16 00:33:17'
}
{
  error: TypeError: Cannot read properties of undefined (reading 'host')
      at Object.<anonymous> (C:\Users\SHAURYA SALONA\Desktop\hospital\hmis-complete\backend\config\database.js:7:25)
      at Module._compile (node:internal/modules/cjs/loader:1688:14)
      at Object..js (node:internal/modules/cjs/loader:1820:10)
      at Module.load (node:internal/modules/cjs/loader:1423:32)
      at Function._load (node:internal/modules/cjs/loader:1246:12)
      at TracingChannel.traceSync (node:diagnostics_channel:322:14)
      at wrapModuleLoad (node:internal/modules/cjs/loader:235:24)
      at Module.require (node:internal/modules/cjs/loader:1445:12)
      at require (node:internal/modules/helpers:135:16)
      at Object.<anonymous> (C:\Users\SHAURYA SALONA\Desktop\hospital\hmis-complete\backend\controllers\authController.js:3:18),
  level: 'error',
  message: "uncaughtException: Cannot read properties of undefined (reading 'host')\n" +
    "TypeError: Cannot read properties of undefined (reading 'host')\n" +
    '    at Object.<anonymous> (C:\\Users\\SHAURYA SALONA\\Desktop\\hospital\\hmis-complete\\backend\\config\\database.js:7:25)\n' +
    '    at Module._compile (node:internal/modules/cjs/loader:1688:14)\n' +
    '    at Object..js (node:internal/modules/cjs/loader:1820:10)\n' +
    '    at Module.load (node:internal/modules/cjs/loader:1423:32)\n' +
    '    at Function._load (node:internal/modules/cjs/loader:1246:12)\n' +
    '    at TracingChannel.traceSync (node:diagnostics_channel:322:14)\n' +
    '    at wrapModuleLoad (node:internal/modules/cjs/loader:235:24)\n' +
    '    at Module.require (node:internal/modules/cjs/loader:1445:12)\n' +
    '    at require (node:internal/modules/helpers:135:16)\n' +
    '    at Object.<anonymous> (C:\\Users\\SHAURYA SALONA\\Desktop\\hospital\\hmis-complete\\backend\\controllers\\authController.js:3:18)',
  stack: "TypeError: Cannot read properties of undefined (reading 'host')\n" +
    '    at Object.<anonymous> (C:\\Users\\SHAURYA SALONA\\Desktop\\hospital\\hmis-complete\\backend\\config\\database.js:7:25)\n' +
    '    at Module._compile (node:internal/modules/cjs/loader:1688:14)\n' +
    '    at Object..js (node:internal/modules/cjs/loader:1820:10)\n' +
    '    at Module.load (node:internal/modules/cjs/loader:1423:32)\n' +
    '    at Function._load (node:internal/modules/cjs/loader:1246:12)\n' +
    '    at TracingChannel.traceSync (node:diagnostics_channel:322:14)\n' +
    '    at wrapModuleLoad (node:internal/modules/cjs/loader:235:24)\n' +
    '    at Module.require (node:internal/modules/cjs/loader:1445:12)\n' +
    '    at require (node:internal/modules/helpers:135:16)\n' +
    '    at Object.<anonymous> (C:\\Users\\SHAURYA SALONA\\Desktop\\hospital\\hmis-complete\\backend\\controllers\\authController.js:3:18)',
  exception: true,
  date: 'Tue Sep 16 2025 01:29:03 GMT+0530 (India Standard Time)',
  process: {
    pid: 6368,
    uid: null,
    gid: null,
    cwd: 'C:\\Users\\SHAURYA SALONA\\Desktop\\hospital\\hmis-complete\\backend',
    execPath: 'C:\\Program Files\\nodejs\\node.exe',
    version: 'v22.18.0',
    argv: [
      'C:\\Program Files\\nodejs\\node.exe',
      'C:\\Users\\SHAURYA SALONA\\Desktop\\hospital\\hmis-complete\\backend\\server.js'
    ],
    memoryUsage: {
      rss: 63488000,
      heapTotal: 32886784,
      heapUsed: 20557472,
      external: 2257796,
      arrayBuffers: 18636
    }
  },
  os: { loadavg: [ 0, 0, 0 ], uptime: 724983.046 },
  trace: [
    {
      column: 25,
      file: 'C:\\Users\\SHAURYA SALONA\\Desktop\\hospital\\hmis-complete\\backend\\config\\database.js',
      function: null,
      line: 7,
      method: null,
      native: false
    },
    {
      column: 14,
      file: 'node:internal/modules/cjs/loader',
      function: 'Module._compile',
      line: 1688,
      method: '_compile',
      native: false
    },
    {
      column: 10,
      file: 'node:internal/modules/cjs/loader',
      function: 'Object..js',
      line: 1820,
      method: '.js',
      native: false
    },
    {
      column: 32,
      file: 'node:internal/modules/cjs/loader',
      function: 'Module.load',
      line: 1423,
      method: 'load',
      native: false
    },
    {
      column: 12,
      file: 'node:internal/modules/cjs/loader',
      function: 'Function._load',
      line: 1246,
      method: '_load',
      native: false
    },
    {
      column: 14,
      file: 'node:diagnostics_channel',
      function: 'TracingChannel.traceSync',
      line: 322,
      method: 'traceSync',
      native: false
    },
    {
      column: 24,
      file: 'node:internal/modules/cjs/loader',
      function: 'wrapModuleLoad',
      line: 235,
      method: null,
      native: false
    },
    {
      column: 12,
      file: 'node:internal/modules/cjs/loader',
      function: 'Module.require',
      line: 1445,
      method: 'require',
      native: false
    },
    {
      column: 16,
      file: 'node:internal/modules/helpers',
      function: 'require',
      line: 135,
      method: null,
      native: false
    },
    {
      column: 18,
      file: 'C:\\Users\\SHAURYA SALONA\\Desktop\\hospital\\hmis-complete\\backend\\controllers\\authController.js',
      function: null,
      line: 3,
      method: null,
      native: false
    }
  ],
  service: 'hmis-backend',
  environment: 'development',
  timestamp: '2025-09-16 01:29:03'
}
{
  error: TypeError: Cannot read properties of undefined (reading 'host')
      at Object.<anonymous> (C:\Users\SHAURYA SALONA\Desktop\hospital\hmis-complete\backend\config\database.js:7:25)
      at Module._compile (node:internal/modules/cjs/loader:1688:14)
      at Object..js (node:internal/modules/cjs/loader:1820:10)
      at Module.load (node:internal/modules/cjs/loader:1423:32)
      at Function._load (node:internal/modules/cjs/loader:1246:12)
      at TracingChannel.traceSync (node:diagnostics_channel:322:14)
      at wrapModuleLoad (node:internal/modules/cjs/loader:235:24)
      at Module.require (node:internal/modules/cjs/loader:1445:12)
      at require (node:internal/modules/helpers:135:16)
      at Object.<anonymous> (C:\Users\SHAURYA SALONA\Desktop\hospital\hmis-complete\backend\models\Patient.js:1:18),
  level: 'error',
  message: "uncaughtException: Cannot read properties of undefined (reading 'host')\n" +
    "TypeError: Cannot read properties of undefined (reading 'host')\n" +
    '    at Object.<anonymous> (C:\\Users\\SHAURYA SALONA\\Desktop\\hospital\\hmis-complete\\backend\\config\\database.js:7:25)\n' +
    '    at Module._compile (node:internal/modules/cjs/loader:1688:14)\n' +
    '    at Object..js (node:internal/modules/cjs/loader:1820:10)\n' +
    '    at Module.load (node:internal/modules/cjs/loader:1423:32)\n' +
    '    at Function._load (node:internal/modules/cjs/loader:1246:12)\n' +
    '    at TracingChannel.traceSync (node:diagnostics_channel:322:14)\n' +
    '    at wrapModuleLoad (node:internal/modules/cjs/loader:235:24)\n' +
    '    at Module.require (node:internal/modules/cjs/loader:1445:12)\n' +
    '    at require (node:internal/modules/helpers:135:16)\n' +
    '    at Object.<anonymous> (C:\\Users\\SHAURYA SALONA\\Desktop\\hospital\\hmis-complete\\backend\\models\\Patient.js:1:18)',
  stack: "TypeError: Cannot read properties of undefined (reading 'host')\n" +
    '    at Object.<anonymous> (C:\\Users\\SHAURYA SALONA\\Desktop\\hospital\\hmis-complete\\backend\\config\\database.js:7:25)\n' +
    '    at Module._compile (node:internal/modules/cjs/loader:1688:14)\n' +
    '    at Object..js (node:internal/modules/cjs/loader:1820:10)\n' +
    '    at Module.load (node:internal/modules/cjs/loader:1423:32)\n' +
    '    at Function._load (node:internal/modules/cjs/loader:1246:12)\n' +
    '    at TracingChannel.traceSync (node:diagnostics_channel:322:14)\n' +
    '    at wrapModuleLoad (node:internal/modules/cjs/loader:235:24)\n' +
    '    at Module.require (node:internal/modules/cjs/loader:1445:12)\n' +
    '    at require (node:internal/modules/helpers:135:16)\n' +
    '    at Object.<anonymous> (C:\\Users\\SHAURYA SALONA\\Desktop\\hospital\\hmis-complete\\backend\\models\\Patient.js:1:18)',
  exception: true,
  date: 'Tue Sep 16 2025 01:31:00 GMT+0530 (India Standard Time)',
  process: {
    pid: 20348,
    uid: null,
    gid: null,
    cwd: 'C:\\Users\\SHAURYA SALONA\\Desktop\\hospital\\hmis-complete\\backend',
    execPath: 'C:\\Program Files\\nodejs\\node.exe',
    version: 'v22.18.0',
    argv: [
      'C:\\Program Files\\nodejs\\node.exe',
      'C:\\Users\\SHAURYA SALONA\\Desktop\\hospital\\hmis-complete\\backend\\server.js'
    ],
    memoryUsage: {
      rss: 63729664,
      heapTotal: 32886784,
      heapUsed: 20817568,
      external: 2257796,
      arrayBuffers: 18636
    }
  },
  os: { loadavg: [ 0, 0, 0 ], uptime: 725099.953 },
  trace: [
    {
      column: 25,
      file: 'C:\\Users\\SHAURYA SALONA\\Desktop\\hospital\\hmis-complete\\backend\\config\\database.js',
      function: null,
      line: 7,
      method: null,
      native: false
    },
    {
      column: 14,
      file: 'node:internal/modules/cjs/loader',
      function: 'Module._compile',
      line: 1688,
      method: '_compile',
      native: false
    },
    {
      column: 10,
      file: 'node:internal/modules/cjs/loader',
      function: 'Object..js',
      line: 1820,
      method: '.js',
      native: false
    },
    {
      column: 32,
      file: 'node:internal/modules/cjs/loader',
      function: 'Module.load',
      line: 1423,
      method: 'load',
      native: false
    },
    {
      column: 12,
      file: 'node:internal/modules/cjs/loader',
      function: 'Function._load',
      line: 1246,
      method: '_load',
      native: false
    },
    {
      column: 14,
      file: 'node:diagnostics_channel',
      function: 'TracingChannel.traceSync',
      line: 322,
      method: 'traceSync',
      native: false
    },
    {
      column: 24,
      file: 'node:internal/modules/cjs/loader',
      function: 'wrapModuleLoad',
      line: 235,
      method: null,
      native: false
    },
    {
      column: 12,
      file: 'node:internal/modules/cjs/loader',
      function: 'Module.require',
      line: 1445,
      method: 'require',
      native: false
    },
    {
      column: 16,
      file: 'node:internal/modules/helpers',
      function: 'require',
      line: 135,
      method: null,
      native: false
    },
    {
      column: 18,
      file: 'C:\\Users\\SHAURYA SALONA\\Desktop\\hospital\\hmis-complete\\backend\\models\\Patient.js',
      function: null,
      line: 1,
      method: null,
      native: false
    }
  ],
  service: 'hmis-backend',
  environment: 'development',
  timestamp: '2025-09-16 01:31:00'
}
{
  error: TypeError: Cannot read properties of undefined (reading 'host')
      at Object.<anonymous> (C:\Users\SHAURYA SALONA\Desktop\hospital\hmis-complete\backend\config\database.js:7:25)
      at Module._compile (node:internal/modules/cjs/loader:1688:14)
      at Object..js (node:internal/modules/cjs/loader:1820:10)
      at Module.load (node:internal/modules/cjs/loader:1423:32)
      at Function._load (node:internal/modules/cjs/loader:1246:12)
      at TracingChannel.traceSync (node:diagnostics_channel:322:14)
      at wrapModuleLoad (node:internal/modules/cjs/loader:235:24)
      at Module.require (node:internal/modules/cjs/loader:1445:12)
      at require (node:internal/modules/helpers:135:16)
      at Object.<anonymous> (C:\Users\SHAURYA SALONA\Desktop\hospital\hmis-complete\backend\models\Patient.js:1:18),
  level: 'error',
  message: "uncaughtException: Cannot read properties of undefined (reading 'host')\n" +
    "TypeError: Cannot read properties of undefined (reading 'host')\n" +
    '    at Object.<anonymous> (C:\\Users\\SHAURYA SALONA\\Desktop\\hospital\\hmis-complete\\backend\\config\\database.js:7:25)\n' +
    '    at Module._compile (node:internal/modules/cjs/loader:1688:14)\n' +
    '    at Object..js (node:internal/modules/cjs/loader:1820:10)\n' +
    '    at Module.load (node:internal/modules/cjs/loader:1423:32)\n' +
    '    at Function._load (node:internal/modules/cjs/loader:1246:12)\n' +
    '    at TracingChannel.traceSync (node:diagnostics_channel:322:14)\n' +
    '    at wrapModuleLoad (node:internal/modules/cjs/loader:235:24)\n' +
    '    at Module.require (node:internal/modules/cjs/loader:1445:12)\n' +
    '    at require (node:internal/modules/helpers:135:16)\n' +
    '    at Object.<anonymous> (C:\\Users\\SHAURYA SALONA\\Desktop\\hospital\\hmis-complete\\backend\\models\\Patient.js:1:18)',
  stack: "TypeError: Cannot read properties of undefined (reading 'host')\n" +
    '    at Object.<anonymous> (C:\\Users\\SHAURYA SALONA\\Desktop\\hospital\\hmis-complete\\backend\\config\\database.js:7:25)\n' +
    '    at Module._compile (node:internal/modules/cjs/loader:1688:14)\n' +
    '    at Object..js (node:internal/modules/cjs/loader:1820:10)\n' +
    '    at Module.load (node:internal/modules/cjs/loader:1423:32)\n' +
    '    at Function._load (node:internal/modules/cjs/loader:1246:12)\n' +
    '    at TracingChannel.traceSync (node:diagnostics_channel:322:14)\n' +
    '    at wrapModuleLoad (node:internal/modules/cjs/loader:235:24)\n' +
    '    at Module.require (node:internal/modules/cjs/loader:1445:12)\n' +
    '    at require (node:internal/modules/helpers:135:16)\n' +
    '    at Object.<anonymous> (C:\\Users\\SHAURYA SALONA\\Desktop\\hospital\\hmis-complete\\backend\\models\\Patient.js:1:18)',
  exception: true,
  date: 'Tue Sep 16 2025 01:38:31 GMT+0530 (India Standard Time)',
  process: {
    pid: 38276,
    uid: null,
    gid: null,
    cwd: 'C:\\Users\\SHAURYA SALONA\\Desktop\\hospital\\hmis-complete\\backend',
    execPath: 'C:\\Program Files\\nodejs\\node.exe',
    version: 'v22.18.0',
    argv: [
      'C:\\Program Files\\nodejs\\node.exe',
      'C:\\Users\\SHAURYA SALONA\\Desktop\\hospital\\hmis-complete\\backend\\server.js'
    ],
    memoryUsage: {
      rss: 64036864,
      heapTotal: 33411072,
      heapUsed: 20798344,
      external: 2257796,
      arrayBuffers: 18636
    }
  },
  os: { loadavg: [ 0, 0, 0 ], uptime: 725550.703 },
  trace: [
    {
      column: 25,
      file: 'C:\\Users\\SHAURYA SALONA\\Desktop\\hospital\\hmis-complete\\backend\\config\\database.js',
      function: null,
      line: 7,
      method: null,
      native: false
    },
    {
      column: 14,
      file: 'node:internal/modules/cjs/loader',
      function: 'Module._compile',
      line: 1688,
      method: '_compile',
      native: false
    },
    {
      column: 10,
      file: 'node:internal/modules/cjs/loader',
      function: 'Object..js',
      line: 1820,
      method: '.js',
      native: false
    },
    {
      column: 32,
      file: 'node:internal/modules/cjs/loader',
      function: 'Module.load',
      line: 1423,
      method: 'load',
      native: false
    },
    {
      column: 12,
      file: 'node:internal/modules/cjs/loader',
      function: 'Function._load',
      line: 1246,
      method: '_load',
      native: false
    },
    {
      column: 14,
      file: 'node:diagnostics_channel',
      function: 'TracingChannel.traceSync',
      line: 322,
      method: 'traceSync',
      native: false
    },
    {
      column: 24,
      file: 'node:internal/modules/cjs/loader',
      function: 'wrapModuleLoad',
      line: 235,
      method: null,
      native: false
    },
    {
      column: 12,
      file: 'node:internal/modules/cjs/loader',
      function: 'Module.require',
      line: 1445,
      method: 'require',
      native: false
    },
    {
      column: 16,
      file: 'node:internal/modules/helpers',
      function: 'require',
      line: 135,
      method: null,
      native: false
    },
    {
      column: 18,
      file: 'C:\\Users\\SHAURYA SALONA\\Desktop\\hospital\\hmis-complete\\backend\\models\\Patient.js',
      function: null,
      line: 1,
      method: null,
      native: false
    }
  ],
  service: 'hmis-backend',
  environment: 'development',
  timestamp: '2025-09-16 01:38:31'
}
{
  error: TypeError: Router.use() requires a middleware function
      at Function.use (C:\Users\SHAURYA SALONA\Desktop\hospital\hmis-complete\backend\node_modules\express\lib\router\index.js:462:11)
      at Object.<anonymous> (C:\Users\SHAURYA SALONA\Desktop\hospital\hmis-complete\backend\routes\analytics.js:9:8)
      at Module._compile (node:internal/modules/cjs/loader:1688:14)
      at Object..js (node:internal/modules/cjs/loader:1820:10)
      at Module.load (node:internal/modules/cjs/loader:1423:32)
      at Function._load (node:internal/modules/cjs/loader:1246:12)
      at TracingChannel.traceSync (node:diagnostics_channel:322:14)
      at wrapModuleLoad (node:internal/modules/cjs/loader:235:24)
      at Module.require (node:internal/modules/cjs/loader:1445:12)
      at require (node:internal/modules/helpers:135:16),
  level: 'error',
  message: 'uncaughtException: Router.use() requires a middleware function\n' +
    'TypeError: Router.use() requires a middleware function\n' +
    '    at Function.use (C:\\Users\\SHAURYA SALONA\\Desktop\\hospital\\hmis-complete\\backend\\node_modules\\express\\lib\\router\\index.js:462:11)\n' +
    '    at Object.<anonymous> (C:\\Users\\SHAURYA SALONA\\Desktop\\hospital\\hmis-complete\\backend\\routes\\analytics.js:9:8)\n' +
    '    at Module._compile (node:internal/modules/cjs/loader:1688:14)\n' +
    '    at Object..js (node:internal/modules/cjs/loader:1820:10)\n' +
    '    at Module.load (node:internal/modules/cjs/loader:1423:32)\n' +
    '    at Function._load (node:internal/modules/cjs/loader:1246:12)\n' +
    '    at TracingChannel.traceSync (node:diagnostics_channel:322:14)\n' +
    '    at wrapModuleLoad (node:internal/modules/cjs/loader:235:24)\n' +
    '    at Module.require (node:internal/modules/cjs/loader:1445:12)\n' +
    '    at require (node:internal/modules/helpers:135:16)',
  stack: 'TypeError: Router.use() requires a middleware function\n' +
    '    at Function.use (C:\\Users\\SHAURYA SALONA\\Desktop\\hospital\\hmis-complete\\backend\\node_modules\\express\\lib\\router\\index.js:462:11)\n' +
    '    at Object.<anonymous> (C:\\Users\\SHAURYA SALONA\\Desktop\\hospital\\hmis-complete\\backend\\routes\\analytics.js:9:8)\n' +
    '    at Module._compile (node:internal/modules/cjs/loader:1688:14)\n' +
    '    at Object..js (node:internal/modules/cjs/loader:1820:10)\n' +
    '    at Module.load (node:internal/modules/cjs/loader:1423:32)\n' +
    '    at Function._load (node:internal/modules/cjs/loader:1246:12)\n' +
    '    at TracingChannel.traceSync (node:diagnostics_channel:322:14)\n' +
    '    at wrapModuleLoad (node:internal/modules/cjs/loader:235:24)\n' +
    '    at Module.require (node:internal/modules/cjs/loader:1445:12)\n' +
    '    at require (node:internal/modules/helpers:135:16)',
  exception: true,
  date: 'Tue Sep 16 2025 01:41:14 GMT+0530 (India Standard Time)',
  process: {
    pid: 23556,
    uid: null,
    gid: null,
    cwd: 'C:\\Users\\SHAURYA SALONA\\Desktop\\hospital\\hmis-complete\\backend',
    execPath: 'C:\\Program Files\\nodejs\\node.exe',
    version: 'v22.18.0',
    argv: [
      'C:\\Program Files\\nodejs\\node.exe',
      'C:\\Users\\SHAURYA SALONA\\Desktop\\hospital\\hmis-complete\\backend\\server.js'
    ],
    memoryUsage: {
      rss: 66924544,
      heapTotal: 32886784,
      heapUsed: 19510528,
      external: 2257796,
      arrayBuffers: 18635
    }
  },
  os: { loadavg: [ 0, 0, 0 ], uptime: 725713.781 },
  trace: [
    {
      column: 11,
      file: 'C:\\Users\\SHAURYA SALONA\\Desktop\\hospital\\hmis-complete\\backend\\node_modules\\express\\lib\\router\\index.js',
      function: 'Function.use',
      line: 462,
      method: 'use',
      native: false
    },
    {
      column: 8,
      file: 'C:\\Users\\SHAURYA SALONA\\Desktop\\hospital\\hmis-complete\\backend\\routes\\analytics.js',
      function: null,
      line: 9,
      method: null,
      native: false
    },
    {
      column: 14,
      file: 'node:internal/modules/cjs/loader',
      function: 'Module._compile',
      line: 1688,
      method: '_compile',
      native: false
    },
    {
      column: 10,
      file: 'node:internal/modules/cjs/loader',
      function: 'Object..js',
      line: 1820,
      method: '.js',
      native: false
    },
    {
      column: 32,
      file: 'node:internal/modules/cjs/loader',
      function: 'Module.load',
      line: 1423,
      method: 'load',
      native: false
    },
    {
      column: 12,
      file: 'node:internal/modules/cjs/loader',
      function: 'Function._load',
      line: 1246,
      method: '_load',
      native: false
    },
    {
      column: 14,
      file: 'node:diagnostics_channel',
      function: 'TracingChannel.traceSync',
      line: 322,
      method: 'traceSync',
      native: false
    },
    {
      column: 24,
      file: 'node:internal/modules/cjs/loader',
      function: 'wrapModuleLoad',
      line: 235,
      method: null,
      native: false
    },
    {
      column: 12,
      file: 'node:internal/modules/cjs/loader',
      function: 'Module.require',
      line: 1445,
      method: 'require',
      native: false
    },
    {
      column: 16,
      file: 'node:internal/modules/helpers',
      function: 'require',
      line: 135,
      method: null,
      native: false
    }
  ],
  service: 'hmis-backend',
  environment: 'development',
  timestamp: '2025-09-16 01:41:14'
}
{
  error: TypeError: setupProcessErrorHandlers is not a function
      at Object.<anonymous> (C:\Users\SHAURYA SALONA\Desktop\hospital\hmis-complete\backend\hybrid-server.js:34:1)
      at Module._compile (node:internal/modules/cjs/loader:1688:14)
      at Object..js (node:internal/modules/cjs/loader:1820:10)
      at Module.load (node:internal/modules/cjs/loader:1423:32)
      at Function._load (node:internal/modules/cjs/loader:1246:12)
      at TracingChannel.traceSync (node:diagnostics_channel:322:14)
      at wrapModuleLoad (node:internal/modules/cjs/loader:235:24)
      at Function.executeUserEntryPoint [as runMain] (node:internal/modules/run_main:171:5)
      at node:internal/main/run_main_module:36:49,
  level: 'error',
  message: 'uncaughtException: setupProcessErrorHandlers is not a function\n' +
    'TypeError: setupProcessErrorHandlers is not a function\n' +
    '    at Object.<anonymous> (C:\\Users\\SHAURYA SALONA\\Desktop\\hospital\\hmis-complete\\backend\\hybrid-server.js:34:1)\n' +
    '    at Module._compile (node:internal/modules/cjs/loader:1688:14)\n' +
    '    at Object..js (node:internal/modules/cjs/loader:1820:10)\n' +
    '    at Module.load (node:internal/modules/cjs/loader:1423:32)\n' +
    '    at Function._load (node:internal/modules/cjs/loader:1246:12)\n' +
    '    at TracingChannel.traceSync (node:diagnostics_channel:322:14)\n' +
    '    at wrapModuleLoad (node:internal/modules/cjs/loader:235:24)\n' +
    '    at Function.executeUserEntryPoint [as runMain] (node:internal/modules/run_main:171:5)\n' +
    '    at node:internal/main/run_main_module:36:49',
  stack: 'TypeError: setupProcessErrorHandlers is not a function\n' +
    '    at Object.<anonymous> (C:\\Users\\SHAURYA SALONA\\Desktop\\hospital\\hmis-complete\\backend\\hybrid-server.js:34:1)\n' +
    '    at Module._compile (node:internal/modules/cjs/loader:1688:14)\n' +
    '    at Object..js (node:internal/modules/cjs/loader:1820:10)\n' +
    '    at Module.load (node:internal/modules/cjs/loader:1423:32)\n' +
    '    at Function._load (node:internal/modules/cjs/loader:1246:12)\n' +
    '    at TracingChannel.traceSync (node:diagnostics_channel:322:14)\n' +
    '    at wrapModuleLoad (node:internal/modules/cjs/loader:235:24)\n' +
    '    at Function.executeUserEntryPoint [as runMain] (node:internal/modules/run_main:171:5)\n' +
    '    at node:internal/main/run_main_module:36:49',
  exception: true,
  date: 'Tue Sep 16 2025 01:49:18 GMT+0530 (India Standard Time)',
  process: {
    pid: 38992,
    uid: null,
    gid: null,
    cwd: 'C:\\Users\\SHAURYA SALONA\\Desktop\\hospital\\hmis-complete\\backend',
    execPath: 'C:\\Program Files\\nodejs\\node.exe',
    version: 'v22.18.0',
    argv: [
      'C:\\Program Files\\nodejs\\node.exe',
      'C:\\Users\\SHAURYA SALONA\\Desktop\\hospital\\hmis-complete\\backend\\hybrid-server.js'
    ],
    memoryUsage: {
      rss: 54996992,
      heapTotal: 32362496,
      heapUsed: 17875592,
      external: 2211039,
      arrayBuffers: 18635
    }
  },
  os: { loadavg: [ 0, 0, 0 ], uptime: 726197.625 },
  trace: [
    {
      column: 1,
      file: 'C:\\Users\\SHAURYA SALONA\\Desktop\\hospital\\hmis-complete\\backend\\hybrid-server.js',
      function: null,
      line: 34,
      method: null,
      native: false
    },
    {
      column: 14,
      file: 'node:internal/modules/cjs/loader',
      function: 'Module._compile',
      line: 1688,
      method: '_compile',
      native: false
    },
    {
      column: 10,
      file: 'node:internal/modules/cjs/loader',
      function: 'Object..js',
      line: 1820,
      method: '.js',
      native: false
    },
    {
      column: 32,
      file: 'node:internal/modules/cjs/loader',
      function: 'Module.load',
      line: 1423,
      method: 'load',
      native: false
    },
    {
      column: 12,
      file: 'node:internal/modules/cjs/loader',
      function: 'Function._load',
      line: 1246,
      method: '_load',
      native: false
    },
    {
      column: 14,
      file: 'node:diagnostics_channel',
      function: 'TracingChannel.traceSync',
      line: 322,
      method: 'traceSync',
      native: false
    },
    {
      column: 24,
      file: 'node:internal/modules/cjs/loader',
      function: 'wrapModuleLoad',
      line: 235,
      method: null,
      native: false
    },
    {
      column: 5,
      file: 'node:internal/modules/run_main',
      function: 'Function.executeUserEntryPoint [as runMain]',
      line: 171,
      method: 'executeUserEntryPoint [as runMain]',
      native: false
    },
    {
      column: 49,
      file: 'node:internal/main/run_main_module',
      function: null,
      line: 36,
      method: null,
      native: false
    }
  ],
  service: 'hmis-backend',
  environment: 'development',
  timestamp: '2025-09-16 01:49:18'
}
{
  error: TypeError: Router.use() requires a middleware function
      at Function.use (C:\Users\SHAURYA SALONA\Desktop\hospital\hmis-complete\backend\node_modules\express\lib\router\index.js:462:11)
      at Object.<anonymous> (C:\Users\SHAURYA SALONA\Desktop\hospital\hmis-complete\backend\routes\analytics.js:9:8)
      at Module._compile (node:internal/modules/cjs/loader:1688:14)
      at Object..js (node:internal/modules/cjs/loader:1820:10)
      at Module.load (node:internal/modules/cjs/loader:1423:32)
      at Function._load (node:internal/modules/cjs/loader:1246:12)
      at TracingChannel.traceSync (node:diagnostics_channel:322:14)
      at wrapModuleLoad (node:internal/modules/cjs/loader:235:24)
      at Module.require (node:internal/modules/cjs/loader:1445:12)
      at require (node:internal/modules/helpers:135:16),
  level: 'error',
  message: 'uncaughtException: Router.use() requires a middleware function\n' +
    'TypeError: Router.use() requires a middleware function\n' +
    '    at Function.use (C:\\Users\\SHAURYA SALONA\\Desktop\\hospital\\hmis-complete\\backend\\node_modules\\express\\lib\\router\\index.js:462:11)\n' +
    '    at Object.<anonymous> (C:\\Users\\SHAURYA SALONA\\Desktop\\hospital\\hmis-complete\\backend\\routes\\analytics.js:9:8)\n' +
    '    at Module._compile (node:internal/modules/cjs/loader:1688:14)\n' +
    '    at Object..js (node:internal/modules/cjs/loader:1820:10)\n' +
    '    at Module.load (node:internal/modules/cjs/loader:1423:32)\n' +
    '    at Function._load (node:internal/modules/cjs/loader:1246:12)\n' +
    '    at TracingChannel.traceSync (node:diagnostics_channel:322:14)\n' +
    '    at wrapModuleLoad (node:internal/modules/cjs/loader:235:24)\n' +
    '    at Module.require (node:internal/modules/cjs/loader:1445:12)\n' +
    '    at require (node:internal/modules/helpers:135:16)',
  stack: 'TypeError: Router.use() requires a middleware function\n' +
    '    at Function.use (C:\\Users\\SHAURYA SALONA\\Desktop\\hospital\\hmis-complete\\backend\\node_modules\\express\\lib\\router\\index.js:462:11)\n' +
    '    at Object.<anonymous> (C:\\Users\\SHAURYA SALONA\\Desktop\\hospital\\hmis-complete\\backend\\routes\\analytics.js:9:8)\n' +
    '    at Module._compile (node:internal/modules/cjs/loader:1688:14)\n' +
    '    at Object..js (node:internal/modules/cjs/loader:1820:10)\n' +
    '    at Module.load (node:internal/modules/cjs/loader:1423:32)\n' +
    '    at Function._load (node:internal/modules/cjs/loader:1246:12)\n' +
    '    at TracingChannel.traceSync (node:diagnostics_channel:322:14)\n' +
    '    at wrapModuleLoad (node:internal/modules/cjs/loader:235:24)\n' +
    '    at Module.require (node:internal/modules/cjs/loader:1445:12)\n' +
    '    at require (node:internal/modules/helpers:135:16)',
  exception: true,
  date: 'Tue Sep 16 2025 02:20:02 GMT+0530 (India Standard Time)',
  process: {
    pid: 39104,
    uid: null,
    gid: null,
    cwd: 'C:\\Users\\SHAURYA SALONA\\Desktop\\hospital\\hmis-complete\\backend',
    execPath: 'C:\\Program Files\\nodejs\\node.exe',
    version: 'v22.18.0',
    argv: [
      'C:\\Program Files\\nodejs\\node.exe',
      'C:\\Users\\SHAURYA SALONA\\Desktop\\hospital\\hmis-complete\\backend\\server.js'
    ],
    memoryUsage: {
      rss: 64266240,
      heapTotal: 33411072,
      heapUsed: 19501448,
      external: 2257796,
      arrayBuffers: 18635
    }
  },
  os: { loadavg: [ 0, 0, 0 ], uptime: 728041.546 },
  trace: [
    {
      column: 11,
      file: 'C:\\Users\\SHAURYA SALONA\\Desktop\\hospital\\hmis-complete\\backend\\node_modules\\express\\lib\\router\\index.js',
      function: 'Function.use',
      line: 462,
      method: 'use',
      native: false
    },
    {
      column: 8,
      file: 'C:\\Users\\SHAURYA SALONA\\Desktop\\hospital\\hmis-complete\\backend\\routes\\analytics.js',
      function: null,
      line: 9,
      method: null,
      native: false
    },
    {
      column: 14,
      file: 'node:internal/modules/cjs/loader',
      function: 'Module._compile',
      line: 1688,
      method: '_compile',
      native: false
    },
    {
      column: 10,
      file: 'node:internal/modules/cjs/loader',
      function: 'Object..js',
      line: 1820,
      method: '.js',
      native: false
    },
    {
      column: 32,
      file: 'node:internal/modules/cjs/loader',
      function: 'Module.load',
      line: 1423,
      method: 'load',
      native: false
    },
    {
      column: 12,
      file: 'node:internal/modules/cjs/loader',
      function: 'Function._load',
      line: 1246,
      method: '_load',
      native: false
    },
    {
      column: 14,
      file: 'node:diagnostics_channel',
      function: 'TracingChannel.traceSync',
      line: 322,
      method: 'traceSync',
      native: false
    },
    {
      column: 24,
      file: 'node:internal/modules/cjs/loader',
      function: 'wrapModuleLoad',
      line: 235,
      method: null,
      native: false
    },
    {
      column: 12,
      file: 'node:internal/modules/cjs/loader',
      function: 'Module.require',
      line: 1445,
      method: 'require',
      native: false
    },
    {
      column: 16,
      file: 'node:internal/modules/helpers',
      function: 'require',
      line: 135,
      method: null,
      native: false
    }
  ],
  service: 'hmis-backend',
  environment: 'development',
  timestamp: '2025-09-16 02:20:02'
}
{
  error: C:\Users\SHAURYA SALONA\Desktop\hospital\hmis-complete\backend\config\database.js:7
    host: config.database.host,
                          ^
  
  TypeError: Cannot read properties of undefined (reading 'host')
      at Object.<anonymous> (C:\Users\SHAURYA SALONA\Desktop\hospital\hmis-complete\backend\config\database.js:7:25)
      at Module._compile (node:internal/modules/cjs/loader:1688:14)
      at Object..js (node:internal/modules/cjs/loader:1820:10)
      at Module.load (node:internal/modules/cjs/loader:1423:32)
      at Function._load (node:internal/modules/cjs/loader:1246:12)
      at TracingChannel.traceSync (node:diagnostics_channel:322:14)
      at wrapModuleLoad (node:internal/modules/cjs/loader:235:24)
      at Module.require (node:internal/modules/cjs/loader:1445:12)
      at require (node:internal/modules/helpers:135:16)
      at [eval]:1:12,
  level: 'error',
  message: "uncaughtException: Cannot read properties of undefined (reading 'host')\n" +
    'C:\\Users\\SHAURYA SALONA\\Desktop\\hospital\\hmis-complete\\backend\\config\\database.js:7\n' +
    '  host: config.database.host,\n' +
    '                        ^\n' +
    '\n' +
    "TypeError: Cannot read properties of undefined (reading 'host')\n" +
    '    at Object.<anonymous> (C:\\Users\\SHAURYA SALONA\\Desktop\\hospital\\hmis-complete\\backend\\config\\database.js:7:25)\n' +
    '    at Module._compile (node:internal/modules/cjs/loader:1688:14)\n' +
    '    at Object..js (node:internal/modules/cjs/loader:1820:10)\n' +
    '    at Module.load (node:internal/modules/cjs/loader:1423:32)\n' +
    '    at Function._load (node:internal/modules/cjs/loader:1246:12)\n' +
    '    at TracingChannel.traceSync (node:diagnostics_channel:322:14)\n' +
    '    at wrapModuleLoad (node:internal/modules/cjs/loader:235:24)\n' +
    '    at Module.require (node:internal/modules/cjs/loader:1445:12)\n' +
    '    at require (node:internal/modules/helpers:135:16)\n' +
    '    at [eval]:1:12',
  stack: 'C:\\Users\\SHAURYA SALONA\\Desktop\\hospital\\hmis-complete\\backend\\config\\database.js:7\n' +
    '  host: config.database.host,\n' +
    '                        ^\n' +
    '\n' +
    "TypeError: Cannot read properties of undefined (reading 'host')\n" +
    '    at Object.<anonymous> (C:\\Users\\SHAURYA SALONA\\Desktop\\hospital\\hmis-complete\\backend\\config\\database.js:7:25)\n' +
    '    at Module._compile (node:internal/modules/cjs/loader:1688:14)\n' +
    '    at Object..js (node:internal/modules/cjs/loader:1820:10)\n' +
    '    at Module.load (node:internal/modules/cjs/loader:1423:32)\n' +
    '    at Function._load (node:internal/modules/cjs/loader:1246:12)\n' +
    '    at TracingChannel.traceSync (node:diagnostics_channel:322:14)\n' +
    '    at wrapModuleLoad (node:internal/modules/cjs/loader:235:24)\n' +
    '    at Module.require (node:internal/modules/cjs/loader:1445:12)\n' +
    '    at require (node:internal/modules/helpers:135:16)\n' +
    '    at [eval]:1:12',
  exception: true,
  date: 'Tue Sep 16 2025 15:02:05 GMT+0530 (India Standard Time)',
  process: {
    pid: 18028,
    uid: null,
    gid: null,
    cwd: 'C:\\Users\\SHAURYA SALONA\\Desktop\\hospital\\hmis-complete\\backend',
    execPath: 'C:\\Program Files\\nodejs\\node.exe',
    version: 'v22.18.0',
    argv: [ 'C:\\Program Files\\nodejs\\node.exe' ],
    memoryUsage: {
      rss: 46845952,
      heapTotal: 12152832,
      heapUsed: 8279224,
      external: 1933380,
      arrayBuffers: 18675
    }
  },
  os: { loadavg: [ 0, 0, 0 ], uptime: 1648.828 },
  trace: [
    {
      column: 25,
      file: 'C:\\Users\\SHAURYA SALONA\\Desktop\\hospital\\hmis-complete\\backend\\config\\database.js',
      function: null,
      line: 7,
      method: null,
      native: false
    },
    {
      column: 14,
      file: 'node:internal/modules/cjs/loader',
      function: 'Module._compile',
      line: 1688,
      method: '_compile',
      native: false
    },
    {
      column: 10,
      file: 'node:internal/modules/cjs/loader',
      function: 'Object..js',
      line: 1820,
      method: '.js',
      native: false
    },
    {
      column: 32,
      file: 'node:internal/modules/cjs/loader',
      function: 'Module.load',
      line: 1423,
      method: 'load',
      native: false
    },
    {
      column: 12,
      file: 'node:internal/modules/cjs/loader',
      function: 'Function._load',
      line: 1246,
      method: '_load',
      native: false
    },
    {
      column: 14,
      file: 'node:diagnostics_channel',
      function: 'TracingChannel.traceSync',
      line: 322,
      method: 'traceSync',
      native: false
    },
    {
      column: 24,
      file: 'node:internal/modules/cjs/loader',
      function: 'wrapModuleLoad',
      line: 235,
      method: null,
      native: false
    },
    {
      column: 12,
      file: 'node:internal/modules/cjs/loader',
      function: 'Module.require',
      line: 1445,
      method: 'require',
      native: false
    },
    {
      column: 16,
      file: 'node:internal/modules/helpers',
      function: 'require',
      line: 135,
      method: null,
      native: false
    },
    {
      column: 12,
      file: '[eval]',
      function: null,
      line: 1,
      method: null,
      native: false
    }
  ],
  service: 'hmis-backend',
  environment: 'development',
  timestamp: '2025-09-16 15:02:05'
}
{
  error: C:\Users\SHAURYA SALONA\Desktop\hospital\hmis-complete\backend\config\database.js:7
    host: config.database.host,
                          ^
  
  TypeError: Cannot read properties of undefined (reading 'host')
      at Object.<anonymous> (C:\Users\SHAURYA SALONA\Desktop\hospital\hmis-complete\backend\config\database.js:7:25)
      at Module._compile (node:internal/modules/cjs/loader:1688:14)
      at Object..js (node:internal/modules/cjs/loader:1820:10)
      at Module.load (node:internal/modules/cjs/loader:1423:32)
      at Function._load (node:internal/modules/cjs/loader:1246:12)
      at TracingChannel.traceSync (node:diagnostics_channel:322:14)
      at wrapModuleLoad (node:internal/modules/cjs/loader:235:24)
      at Module.require (node:internal/modules/cjs/loader:1445:12)
      at require (node:internal/modules/helpers:135:16)
      at [eval]:1:12,
  level: 'error',
  message: "uncaughtException: Cannot read properties of undefined (reading 'host')\n" +
    'C:\\Users\\SHAURYA SALONA\\Desktop\\hospital\\hmis-complete\\backend\\config\\database.js:7\n' +
    '  host: config.database.host,\n' +
    '                        ^\n' +
    '\n' +
    "TypeError: Cannot read properties of undefined (reading 'host')\n" +
    '    at Object.<anonymous> (C:\\Users\\SHAURYA SALONA\\Desktop\\hospital\\hmis-complete\\backend\\config\\database.js:7:25)\n' +
    '    at Module._compile (node:internal/modules/cjs/loader:1688:14)\n' +
    '    at Object..js (node:internal/modules/cjs/loader:1820:10)\n' +
    '    at Module.load (node:internal/modules/cjs/loader:1423:32)\n' +
    '    at Function._load (node:internal/modules/cjs/loader:1246:12)\n' +
    '    at TracingChannel.traceSync (node:diagnostics_channel:322:14)\n' +
    '    at wrapModuleLoad (node:internal/modules/cjs/loader:235:24)\n' +
    '    at Module.require (node:internal/modules/cjs/loader:1445:12)\n' +
    '    at require (node:internal/modules/helpers:135:16)\n' +
    '    at [eval]:1:12',
  stack: 'C:\\Users\\SHAURYA SALONA\\Desktop\\hospital\\hmis-complete\\backend\\config\\database.js:7\n' +
    '  host: config.database.host,\n' +
    '                        ^\n' +
    '\n' +
    "TypeError: Cannot read properties of undefined (reading 'host')\n" +
    '    at Object.<anonymous> (C:\\Users\\SHAURYA SALONA\\Desktop\\hospital\\hmis-complete\\backend\\config\\database.js:7:25)\n' +
    '    at Module._compile (node:internal/modules/cjs/loader:1688:14)\n' +
    '    at Object..js (node:internal/modules/cjs/loader:1820:10)\n' +
    '    at Module.load (node:internal/modules/cjs/loader:1423:32)\n' +
    '    at Function._load (node:internal/modules/cjs/loader:1246:12)\n' +
    '    at TracingChannel.traceSync (node:diagnostics_channel:322:14)\n' +
    '    at wrapModuleLoad (node:internal/modules/cjs/loader:235:24)\n' +
    '    at Module.require (node:internal/modules/cjs/loader:1445:12)\n' +
    '    at require (node:internal/modules/helpers:135:16)\n' +
    '    at [eval]:1:12',
  exception: true,
  date: 'Wed Sep 17 2025 11:45:50 GMT+0530 (India Standard Time)',
  process: {
    pid: 5964,
    uid: null,
    gid: null,
    cwd: 'C:\\Users\\SHAURYA SALONA\\Desktop\\hospital\\hmis-complete\\backend',
    execPath: 'C:\\Program Files\\nodejs\\node.exe',
    version: 'v22.18.0',
    argv: [ 'C:\\Program Files\\nodejs\\node.exe' ],
    memoryUsage: {
      rss: 46944256,
      heapTotal: 12414976,
      heapUsed: 8193544,
      external: 1933380,
      arrayBuffers: 18675
    }
  },
  os: { loadavg: [ 0, 0, 0 ], uptime: 76273.375 },
  trace: [
    {
      column: 25,
      file: 'C:\\Users\\SHAURYA SALONA\\Desktop\\hospital\\hmis-complete\\backend\\config\\database.js',
      function: null,
      line: 7,
      method: null,
      native: false
    },
    {
      column: 14,
      file: 'node:internal/modules/cjs/loader',
      function: 'Module._compile',
      line: 1688,
      method: '_compile',
      native: false
    },
    {
      column: 10,
      file: 'node:internal/modules/cjs/loader',
      function: 'Object..js',
      line: 1820,
      method: '.js',
      native: false
    },
    {
      column: 32,
      file: 'node:internal/modules/cjs/loader',
      function: 'Module.load',
      line: 1423,
      method: 'load',
      native: false
    },
    {
      column: 12,
      file: 'node:internal/modules/cjs/loader',
      function: 'Function._load',
      line: 1246,
      method: '_load',
      native: false
    },
    {
      column: 14,
      file: 'node:diagnostics_channel',
      function: 'TracingChannel.traceSync',
      line: 322,
      method: 'traceSync',
      native: false
    },
    {
      column: 24,
      file: 'node:internal/modules/cjs/loader',
      function: 'wrapModuleLoad',
      line: 235,
      method: null,
      native: false
    },
    {
      column: 12,
      file: 'node:internal/modules/cjs/loader',
      function: 'Module.require',
      line: 1445,
      method: 'require',
      native: false
    },
    {
      column: 16,
      file: 'node:internal/modules/helpers',
      function: 'require',
      line: 135,
      method: null,
      native: false
    },
    {
      column: 12,
      file: '[eval]',
      function: null,
      line: 1,
      method: null,
      native: false
    }
  ],
  service: 'hmis-backend',
  environment: 'development',
  timestamp: '2025-09-17 11:45:50'
}
